  Running UnrealBuildTool: dotnet "..\..\Engine\Binaries\DotNET\UnrealBuildTool\UnrealBuildTool.dll" UnrealEngine_5_1_0Editor Win64 Development -Project="D:\UOC-Grado_Ingenieria_Informatica\Semestre_09\TFG\Gladiators_Pride\UnrealEngine_5_1_0\UnrealEngine_5_1_0.uproject" -WaitMutex -FromMsBuild -Rebuild
  Log file: C:\Users\overd\AppData\Local\UnrealBuildTool\Log.txt
  Cleaning UnrealEngine_5_1_0Editor and UnrealHeaderTool binaries...
  Unhandled exception: System.AggregateException: One or more errors occurred. (Unable to delete D:\UOC-Grado_Ingenieria_Informatica\Semestre_09\TFG\Gladiators_Pride\UnrealEngine_5_1_0\Intermediate\Build\Win64\UnrealEngine_5_1_0Editor\Development (Unable to delete \\?\D:\UOC-Grado_Ingenieria_Informatica\Semestre_09\TFG\Gladiators_Pride\UnrealEngine_5_1_0\Intermediate\Build\Win64\UnrealEngine_5_1_0Editor\Development\Engine\SharedPCH.Engine.ShadowErrors.h - El proceso no tiene acceso al archivo porque está siendo utilizado por otro proceso.))
   ---> Unable to delete D:\UOC-Grado_Ingenieria_Informatica\Semestre_09\TFG\Gladiators_Pride\UnrealEngine_5_1_0\Intermediate\Build\Win64\UnrealEngine_5_1_0Editor\Development (Unable to delete \\?\D:\UOC-Grado_Ingenieria_Informatica\Semestre_09\TFG\Gladiators_Pride\UnrealEngine_5_1_0\Intermediate\Build\Win64\UnrealEngine_5_1_0Editor\Development\Engine\SharedPCH.Engine.ShadowErrors.h - El proceso no tiene acceso al archivo porque está siendo utilizado por otro proceso.)
     --- End of inner exception stack trace ---
     at System.Threading.Tasks.TaskReplicator.Run[TState](ReplicatableUserAction`1 action, ParallelOptions options, Boolean stopOnFirstFailure)
     at System.Threading.Tasks.Parallel.PartitionerForEachWorker[TSource,TLocal](Partitioner`1 source, ParallelOptions parallelOptions, Action`1 simpleBody, Action`2 bodyWithState, Action`3 bodyWithStateAndIndex, Func`4 bodyWithStateAndLocal, Func`5 bodyWithEverything, Func`1 localInit, Action`1 localFinally)
  --- End of stack trace from previous location ---
     at System.Threading.Tasks.Parallel.ThrowSingleCancellationExceptionOrOtherException(ICollection exceptions, CancellationToken cancelToken, Exception otherException)
     at System.Threading.Tasks.Parallel.PartitionerForEachWorker[TSource,TLocal](Partitioner`1 source, ParallelOptions parallelOptions, Action`1 simpleBody, Action`2 bodyWithState, Action`3 bodyWithStateAndIndex, Func`4 bodyWithStateAndLocal, Func`5 bodyWithEverything, Func`1 localInit, Action`1 localFinally)
     at System.Threading.Tasks.Parallel.ForEachWorker[TSource,TLocal](IEnumerable`1 source, ParallelOptions parallelOptions, Action`1 body, Action`2 bodyWithState, Action`3 bodyWithStateAndIndex, Func`4 bodyWithStateAndLocal, Func`5 bodyWithEverything, Func`1 localInit, Action`1 localFinally)
     at System.Threading.Tasks.Parallel.ForEach[TSource](IEnumerable`1 source, Action`1 body)
     at UnrealBuildTool.CleanMode.<>c__DisplayClass3_0.<Clean>b__1() in D:\build\++UE5\Sync\Engine\Saved\CsTools\Engine\Source\Programs\UnrealBuildTool\Modes\CleanMode.cs:line 259
     at System.Threading.Tasks.Task.InnerInvoke()
     at System.Threading.Tasks.Task.<>c.<.cctor>b__272_0(Object obj)
     at System.Threading.ExecutionContext.RunFromThreadPoolDispatchLoop(Thread threadPoolThread, ExecutionContext executionContext, ContextCallback callback, Object state)
  --- End of stack trace from previous location ---
     at System.Threading.ExecutionContext.RunFromThreadPoolDispatchLoop(Thread threadPoolThread, ExecutionContext executionContext, ContextCallback callback, Object state)
     at System.Threading.Tasks.Task.ExecuteWithThreadLocal(Task& currentTaskSlot, Thread threadPoolThread)
