"../../../Engine/Content/EditorResources/S_Actor.ubulk" 0
"../../../Engine/Content/EditorResources/S_Actor.uasset" 1
"../../../Engine/Content/EditorResources/S_Actor.uexp" 2
"../../../Engine/Content/EditorResources/S_BoxReflectionCapture.uasset" 3
"../../../Engine/Content/EditorResources/S_BoxReflectionCapture.uexp" 4
"../../../Engine/Content/EngineResources/DefaultTexture.ubulk" 5
"../../../Engine/Content/EngineResources/DefaultTexture.uasset" 6
"../../../Engine/Content/EngineResources/DefaultTexture.uexp" 7
"../../../Engine/Content/EngineResources/DefaultTextureCube.uasset" 8
"../../../Engine/Content/EngineResources/DefaultTextureCube.uexp" 9
"../../../Engine/Content/EngineResources/DefaultVolumeTexture2D.uasset" 10
"../../../Engine/Content/EngineResources/DefaultVolumeTexture2D.uexp" 11
"../../../Engine/Content/EngineResources/DefaultVolumeTexture.uasset" 12
"../../../Engine/Content/EngineResources/DefaultVolumeTexture.uexp" 13
"../../../Engine/Content/EditorResources/S_Trigger.ubulk" 14
"../../../Engine/Content/EditorResources/S_Trigger.uasset" 15
"../../../Engine/Content/EditorResources/S_Trigger.uexp" 16
"../../../Engine/Content/EditorResources/S_TriggerBox.uasset" 17
"../../../Engine/Content/EditorResources/S_TriggerBox.uexp" 18
"../../../Engine/Content/EditorResources/S_TriggerCapsule.uasset" 19
"../../../Engine/Content/EditorResources/S_TriggerCapsule.uexp" 20
"../../../Engine/Content/EditorResources/S_TriggerSphere.uasset" 21
"../../../Engine/Content/EditorResources/S_TriggerSphere.uexp" 22
"../../../Engine/Content/EngineMeshes/Sphere.ubulk" 23
"../../../Engine/Content/EngineMeshes/Sphere.uasset" 24
"../../../Engine/Content/EngineMeshes/Sphere.uexp" 25
"../../../Engine/Content/EngineResources/GradientTexture0.uasset" 26
"../../../Engine/Content/EngineResources/GradientTexture0.uexp" 27
"../../../Engine/Content/EngineResources/Black.uasset" 28
"../../../Engine/Content/EngineResources/Black.uexp" 29
"../../../Engine/Content/VREditor/LaserPointer/VR_LaserPower_01.ubulk" 30
"../../../Engine/Content/VREditor/LaserPointer/VR_LaserPower_01.uasset" 31
"../../../Engine/Content/VREditor/LaserPointer/VR_LaserPower_01.uexp" 32
"../../../Engine/Content/VREditor/TransformGizmo/TransformGizmoMaterial.uasset" 33
"../../../Engine/Content/VREditor/TransformGizmo/TransformGizmoMaterial.uexp" 34
"../../../Engine/Content/VREditor/TransformGizmo/TranslucentTransformGizmoMaterial.uasset" 35
"../../../Engine/Content/VREditor/TransformGizmo/TranslucentTransformGizmoMaterial.uexp" 36
"../../../Engine/Content/VREditor/TransformGizmo/PlaneTranslationHandle.ubulk" 37
"../../../Engine/Content/VREditor/TransformGizmo/PlaneTranslationHandle.uasset" 38
"../../../Engine/Content/VREditor/TransformGizmo/PlaneTranslationHandle.uexp" 39
"../../../Engine/Content/VREditor/TransformGizmo/BoundingBoxCorner.ubulk" 40
"../../../Engine/Content/VREditor/TransformGizmo/BoundingBoxCorner.uasset" 41
"../../../Engine/Content/VREditor/TransformGizmo/BoundingBoxCorner.uexp" 42
"../../../Engine/Content/VREditor/TransformGizmo/BoundingBoxEdge.ubulk" 43
"../../../Engine/Content/VREditor/TransformGizmo/BoundingBoxEdge.uasset" 44
"../../../Engine/Content/VREditor/TransformGizmo/BoundingBoxEdge.uexp" 45
"../../../Engine/Content/VREditor/TransformGizmo/Main.uasset" 46
"../../../Engine/Content/VREditor/TransformGizmo/Main.uexp" 47
"../../../Engine/Content/VREditor/TransformGizmo/Xray.uasset" 48
"../../../Engine/Content/VREditor/TransformGizmo/Xray.uexp" 49
"../../../Engine/Content/VREditor/TransformGizmo/SM_Sequencer_Node.ubulk" 50
"../../../Engine/Content/VREditor/TransformGizmo/SM_Sequencer_Node.uasset" 51
"../../../Engine/Content/VREditor/TransformGizmo/SM_Sequencer_Node.uexp" 52
"../../../Engine/Content/EditorMaterials/Camera/CineMat.uasset" 53
"../../../Engine/Content/EditorMaterials/Camera/CineMat.uexp" 54
"../../../Engine/Content/EditorMaterials/Camera/MI_CineMat_Rig.uasset" 55
"../../../Engine/Content/EditorMaterials/Camera/MI_CineMat_Rig.uexp" 56
"../../../Engine/Content/EditorMeshes/Camera/SM_CraneRig_Base.ubulk" 57
"../../../Engine/Content/EditorMeshes/Camera/SM_CraneRig_Base.uasset" 58
"../../../Engine/Content/EditorMeshes/Camera/SM_CraneRig_Base.uexp" 59
"../../../Engine/Content/EditorMeshes/Camera/SM_CraneRig_Arm.ubulk" 60
"../../../Engine/Content/EditorMeshes/Camera/SM_CraneRig_Arm.uasset" 61
"../../../Engine/Content/EditorMeshes/Camera/SM_CraneRig_Arm.uexp" 62
"../../../Engine/Content/EditorMeshes/Camera/SM_CraneRig_Mount.ubulk" 63
"../../../Engine/Content/EditorMeshes/Camera/SM_CraneRig_Mount.uasset" 64
"../../../Engine/Content/EditorMeshes/Camera/SM_CraneRig_Mount.uexp" 65
"../../../Engine/Content/EditorMeshes/Camera/SM_CraneRig_Body.ubulk" 66
"../../../Engine/Content/EditorMeshes/Camera/SM_CraneRig_Body.uasset" 67
"../../../Engine/Content/EditorMeshes/Camera/SM_CraneRig_Body.uexp" 68
"../../../Engine/Content/EditorMeshes/Camera/SM_RailRig_Track.ubulk" 69
"../../../Engine/Content/EditorMeshes/Camera/SM_RailRig_Track.uasset" 70
"../../../Engine/Content/EditorMeshes/Camera/SM_RailRig_Track.uexp" 71
"../../../Engine/Content/EditorMeshes/Camera/SM_RailRig_Mount.ubulk" 72
"../../../Engine/Content/EditorMeshes/Camera/SM_RailRig_Mount.uasset" 73
"../../../Engine/Content/EditorMeshes/Camera/SM_RailRig_Mount.uexp" 74
"../../../Engine/Content/EngineMaterials/T_Default_Material_Grid_M.ubulk" 75
"../../../Engine/Content/EngineMaterials/T_Default_Material_Grid_M.uasset" 76
"../../../Engine/Content/EngineMaterials/T_Default_Material_Grid_M.uexp" 77
"../../../Engine/Content/EngineMaterials/T_Default_Material_Grid_N.ubulk" 78
"../../../Engine/Content/EngineMaterials/T_Default_Material_Grid_N.uasset" 79
"../../../Engine/Content/EngineMaterials/T_Default_Material_Grid_N.uexp" 80
"../../../Engine/Content/Functions/Engine_MaterialFunctions01/Opacity/CameraDepthFade.uasset" 81
"../../../Engine/Content/Functions/Engine_MaterialFunctions01/Opacity/CameraDepthFade.uexp" 82
"../../../Engine/Content/EngineMaterials/WorldGridMaterial.uasset" 83
"../../../Engine/Content/EngineMaterials/WorldGridMaterial.uexp" 84
"../../../Engine/Content/ArtTools/RenderToTexture/Meshes/S_1_Unit_Plane.ubulk" 85
"../../../Engine/Content/ArtTools/RenderToTexture/Meshes/S_1_Unit_Plane.uasset" 86
"../../../Engine/Content/ArtTools/RenderToTexture/Meshes/S_1_Unit_Plane.uexp" 87
"../../../Engine/Content/EditorMaterials/ParticleSystems/PSysThumbnail_NoImage.ubulk" 88
"../../../Engine/Content/EditorMaterials/ParticleSystems/PSysThumbnail_NoImage.uasset" 89
"../../../Engine/Content/EditorMaterials/ParticleSystems/PSysThumbnail_NoImage.uexp" 90
"../../../Engine/Content/EditorMaterials/ParticleSystems/PSysThumbnail_OOD.ubulk" 91
"../../../Engine/Content/EditorMaterials/ParticleSystems/PSysThumbnail_OOD.uasset" 92
"../../../Engine/Content/EditorMaterials/ParticleSystems/PSysThumbnail_OOD.uexp" 93
"../../../Engine/Content/EditorLandscapeResources/SplineEditorMeshMat.uasset" 94
"../../../Engine/Content/EditorLandscapeResources/SplineEditorMeshMat.uexp" 95
"../../../Engine/Content/EditorLandscapeResources/SplineEditorMesh.ubulk" 96
"../../../Engine/Content/EditorLandscapeResources/SplineEditorMesh.uasset" 97
"../../../Engine/Content/EditorLandscapeResources/SplineEditorMesh.uexp" 98
"../../../Engine/Content/EditorResources/S_Solver.ubulk" 99
"../../../Engine/Content/EditorResources/S_Solver.uasset" 100
"../../../Engine/Content/EditorResources/S_Solver.uexp" 101
"../../../Engine/Plugins/Media/MediaPlate/Content/SM_MediaPlateScreen.ubulk" 102
"../../../Engine/Plugins/Media/MediaPlate/Content/SM_MediaPlateScreen.uasset" 103
"../../../Engine/Plugins/Media/MediaPlate/Content/SM_MediaPlateScreen.uexp" 104
"../../../Engine/Content/EngineMaterials/Good64x64TilingNoiseHighFreq.uasset" 105
"../../../Engine/Content/EngineMaterials/Good64x64TilingNoiseHighFreq.uexp" 106
"../../../Engine/Content/EngineMaterials/DefaultBokeh.uasset" 107
"../../../Engine/Content/EngineMaterials/DefaultBokeh.uexp" 108
"../../../Engine/Content/EngineMaterials/PreintegratedSkinBRDF.uasset" 109
"../../../Engine/Content/EngineMaterials/PreintegratedSkinBRDF.uexp" 110
"../../../Engine/Content/EngineMaterials/MiniFont.uasset" 111
"../../../Engine/Content/EngineMaterials/MiniFont.uexp" 112
"../../../Engine/Content/EngineMaterials/WeightMapPlaceholderTexture.uasset" 113
"../../../Engine/Content/EngineMaterials/WeightMapPlaceholderTexture.uexp" 114
"../../../Engine/Content/EngineMaterials/DefaultWhiteGrid.ubulk" 115
"../../../Engine/Content/EngineMaterials/DefaultWhiteGrid.uasset" 116
"../../../Engine/Content/EngineMaterials/DefaultWhiteGrid.uexp" 117
"../../../Engine/Content/Animation/DefaultRecorderBoneCompression.uasset" 118
"../../../Engine/Content/Animation/DefaultRecorderBoneCompression.uexp" 119
"../../../Engine/Content/BasicShapes/Plane.ubulk" 120
"../../../Engine/Content/BasicShapes/Plane.uasset" 121
"../../../Engine/Content/BasicShapes/Plane.uexp" 122
"../../../Engine/Content/EditorLandscapeResources/DefaultAlphaTexture.uasset" 123
"../../../Engine/Content/EditorLandscapeResources/DefaultAlphaTexture.uexp" 124
"../../../Engine/Content/EditorLandscapeResources/DataLayer.uasset" 125
"../../../Engine/Content/EditorLandscapeResources/DataLayer.uexp" 126
"../../../Engine/Content/EditorMaterials/PreviewShadowIndicator.ubulk" 127
"../../../Engine/Content/EditorMaterials/PreviewShadowIndicator.uasset" 128
"../../../Engine/Content/EditorMaterials/PreviewShadowIndicator.uexp" 129
"../../../Engine/Content/EditorMaterials/PreviewShadowIndicatorMaterial.uasset" 130
"../../../Engine/Content/EditorMaterials/PreviewShadowIndicatorMaterial.uexp" 131
"../../../Engine/Content/EditorMaterials/PhAT_UnselectedMaterial.uasset" 132
"../../../Engine/Content/EditorMaterials/PhAT_UnselectedMaterial.uexp" 133
"../../../Engine/Content/EditorMaterials/PhAT_NoCollisionMaterial.uasset" 134
"../../../Engine/Content/EditorMaterials/PhAT_NoCollisionMaterial.uexp" 135
"../../../Engine/Content/Functions/Engine_MaterialFunctions02/Utility/MakeFloat4.uasset" 136
"../../../Engine/Content/Functions/Engine_MaterialFunctions02/Utility/MakeFloat4.uexp" 137
"../../../Engine/Content/Functions/Engine_MaterialFunctions02/Utility/MakeFloat3.uasset" 138
"../../../Engine/Content/Functions/Engine_MaterialFunctions02/Utility/MakeFloat3.uexp" 139
"../../../Engine/Content/Functions/Engine_MaterialFunctions02/Utility/BreakOutFloat3Components.uasset" 140
"../../../Engine/Content/Functions/Engine_MaterialFunctions02/Utility/BreakOutFloat3Components.uexp" 141
"../../../Engine/Content/EditorMaterials/WorldPartition/WorldPartitionSpatialHashGridPreviewMaterial.uasset" 142
"../../../Engine/Content/EditorMaterials/WorldPartition/WorldPartitionSpatialHashGridPreviewMaterial.uexp" 143
"../../../Engine/Content/EditorResources/S_Terrain.ubulk" 144
"../../../Engine/Content/EditorResources/S_Terrain.uasset" 145
"../../../Engine/Content/EditorResources/S_Terrain.uexp" 146
"../../../Engine/Content/EditorResources/EmptyActor.uasset" 147
"../../../Engine/Content/EditorResources/EmptyActor.uexp" 148
"../../../Engine/Content/EditorResources/BSPVertex.uasset" 149
"../../../Engine/Content/EditorResources/BSPVertex.uexp" 150
"../../../Engine/Content/EditorResources/SequenceRecorder/RecordingIndicator.uasset" 151
"../../../Engine/Content/EditorResources/SequenceRecorder/RecordingIndicator.uexp" 152
"../../../Engine/Content/EditorResources/SequenceRecorder/Countdown.uasset" 153
"../../../Engine/Content/EditorResources/SequenceRecorder/Countdown.uexp" 154
"../../../Engine/Content/EngineDamageTypes/DmgTypeBP_Environmental.uasset" 155
"../../../Engine/Content/EngineDamageTypes/DmgTypeBP_Environmental.uexp" 156
"../../../Engine/Content/Functions/Engine_MaterialFunctions02/Utility/CameraDirectionVector.uasset" 157
"../../../Engine/Content/Functions/Engine_MaterialFunctions02/Utility/CameraDirectionVector.uexp" 158
"../../../Engine/Content/EngineDebugMaterials/VolumeToRender.uasset" 159
"../../../Engine/Content/EngineDebugMaterials/VolumeToRender.uexp" 160
"../../../Engine/Content/EngineDebugMaterials/M_VolumeRenderSphereTracePP.uasset" 161
"../../../Engine/Content/EngineDebugMaterials/M_VolumeRenderSphereTracePP.uexp" 162
"../../../Engine/Content/EngineDebugMaterials/M_SimpleUnlitTranslucent.uasset" 163
"../../../Engine/Content/EngineDebugMaterials/M_SimpleUnlitTranslucent.uexp" 164
"../../../Engine/Content/EngineDebugMaterials/DebugMeshMaterial.uasset" 165
"../../../Engine/Content/EngineDebugMaterials/DebugMeshMaterial.uexp" 166
"../../../Engine/Content/EngineDebugMaterials/DebugEditorMaterial.uasset" 167
"../../../Engine/Content/EngineDebugMaterials/DebugEditorMaterial.uexp" 168
"../../../Engine/Content/EngineFonts/Faces/RobotoLight.uexp" 169
"../../../Engine/Content/EngineFonts/Faces/RobotoLight.uasset" 170
"../../../Engine/Content/EngineFonts/Faces/RobotoLight.ufont" 171
"../../../Engine/Content/EngineFonts/Faces/RobotoBold.uexp" 172
"../../../Engine/Content/EngineFonts/Faces/RobotoBold.uasset" 173
"../../../Engine/Content/EngineFonts/Faces/RobotoBold.ufont" 174
"../../../Engine/Content/EngineFonts/Faces/RobotoRegular.uexp" 175
"../../../Engine/Content/EngineFonts/Faces/RobotoRegular.uasset" 176
"../../../Engine/Content/EngineFonts/Faces/RobotoRegular.ufont" 177
"../../../Engine/Content/EngineFonts/Faces/DroidSansFallback.uexp" 178
"../../../Engine/Content/EngineFonts/Faces/DroidSansFallback.uasset" 179
"../../../Engine/Content/EngineFonts/Faces/DroidSansFallback.ufont" 180
"../../../Engine/Content/EngineFonts/Faces/RobotoItalic.uexp" 181
"../../../Engine/Content/EngineFonts/Faces/RobotoItalic.uasset" 182
"../../../Engine/Content/EngineFonts/Faces/RobotoItalic.ufont" 183
"../../../Engine/Content/EngineFonts/Faces/RobotoBoldItalic.uexp" 184
"../../../Engine/Content/EngineFonts/Faces/RobotoBoldItalic.uasset" 185
"../../../Engine/Content/EngineFonts/Faces/RobotoBoldItalic.ufont" 186
"../../../Engine/Content/EngineFonts/Roboto.uasset" 187
"../../../Engine/Content/EngineFonts/Roboto.uexp" 188
"../../../Engine/Content/EngineResources/WhiteSquareTexture.uasset" 189
"../../../Engine/Content/EngineResources/WhiteSquareTexture.uexp" 190
"../../../Engine/Content/EngineMaterials/Widget3DPassThrough.uasset" 191
"../../../Engine/Content/EngineMaterials/Widget3DPassThrough.uexp" 192
"../../../Engine/Content/EngineMaterials/Widget3DPassThrough_Translucent.uasset" 193
"../../../Engine/Content/EngineMaterials/Widget3DPassThrough_Translucent.uexp" 194
"../../../Engine/Content/EngineMaterials/Widget3DPassThrough_Translucent_OneSided.uasset" 195
"../../../Engine/Content/EngineMaterials/Widget3DPassThrough_Translucent_OneSided.uexp" 196
"../../../Engine/Content/EngineMaterials/Widget3DPassThrough_Opaque.uasset" 197
"../../../Engine/Content/EngineMaterials/Widget3DPassThrough_Opaque.uexp" 198
"../../../Engine/Content/EngineMaterials/Widget3DPassThrough_Opaque_OneSided.uasset" 199
"../../../Engine/Content/EngineMaterials/Widget3DPassThrough_Opaque_OneSided.uexp" 200
"../../../Engine/Content/EngineMaterials/Widget3DPassThrough_Masked_OneSided.uasset" 201
"../../../Engine/Content/EngineMaterials/Widget3DPassThrough_Masked_OneSided.uexp" 202
"../../../Engine/Content/EngineMaterials/Widget3DPassThrough_Masked.uasset" 203
"../../../Engine/Content/EngineMaterials/Widget3DPassThrough_Masked.uexp" 204
"../../../Engine/Content/EngineMaterials/STBlueNoise_vec2_128x128x64.uasset" 205
"../../../Engine/Content/EngineMaterials/STBlueNoise_vec2_128x128x64.uexp" 206
"../../../Engine/Content/EngineMaterials/STBlueNoise_scalar_128x128x64.uasset" 207
"../../../Engine/Content/EngineMaterials/STBlueNoise_scalar_128x128x64.uexp" 208
"../../../Engine/Content/EngineMaterials/RemoveSurfaceMaterial.uasset" 209
"../../../Engine/Content/EngineMaterials/RemoveSurfaceMaterial.uexp" 210
"../../../Engine/Content/EngineMaterials/DefaultCalibrationGrayscale.uasset" 211
"../../../Engine/Content/EngineMaterials/DefaultCalibrationGrayscale.uexp" 212
"../../../Engine/Content/EngineMaterials/PPM_DefaultCalibrationGrayscale.uasset" 213
"../../../Engine/Content/EngineMaterials/PPM_DefaultCalibrationGrayscale.uexp" 214
"../../../Engine/Content/EngineMaterials/DefaultCalibrationColor.uasset" 215
"../../../Engine/Content/EngineMaterials/DefaultCalibrationColor.uexp" 216
"../../../Engine/Content/EngineMaterials/PPM_DefaultCalibrationColor.uasset" 217
"../../../Engine/Content/EngineMaterials/PPM_DefaultCalibrationColor.uexp" 218
"../../../Engine/Content/Functions/Engine_MaterialFunctions02/WorldPositionOffset/CameraOffset.uasset" 219
"../../../Engine/Content/Functions/Engine_MaterialFunctions02/WorldPositionOffset/CameraOffset.uexp" 220
"../../../Engine/Content/EngineMaterials/PhAT_JointLimitMaterial.uasset" 221
"../../../Engine/Content/EngineMaterials/PhAT_JointLimitMaterial.uexp" 222
"../../../Engine/Content/EngineMaterials/InvalidLightmapSettings.ubulk" 223
"../../../Engine/Content/EngineMaterials/InvalidLightmapSettings.uasset" 224
"../../../Engine/Content/EngineMaterials/InvalidLightmapSettings.uexp" 225
"../../../Engine/Content/EngineMaterials/M_InvalidLightmapSettings.uasset" 226
"../../../Engine/Content/EngineMaterials/M_InvalidLightmapSettings.uexp" 227
"../../../Engine/Content/EngineMaterials/GizmoMaterial.uasset" 228
"../../../Engine/Content/EngineMaterials/GizmoMaterial.uexp" 229
"../../../Engine/Content/EngineMaterials/BaseFlattenEmissiveMap_VT.uasset" 230
"../../../Engine/Content/EngineMaterials/BaseFlattenEmissiveMap_VT.uexp" 231
"../../../Engine/Content/EngineMaterials/BaseFlattenGrayscaleMap_VT.uasset" 232
"../../../Engine/Content/EngineMaterials/BaseFlattenGrayscaleMap_VT.uexp" 233
"../../../Engine/Content/EngineMaterials/BaseFlattenLinearColor_VT.uasset" 234
"../../../Engine/Content/EngineMaterials/BaseFlattenLinearColor_VT.uexp" 235
"../../../Engine/Content/EngineMaterials/Black_1x1_EXR_Texture_VT.uasset" 236
"../../../Engine/Content/EngineMaterials/Black_1x1_EXR_Texture_VT.uexp" 237
"../../../Engine/Content/EngineMaterials/BaseFlattenDiffuseMap_VT.uasset" 238
"../../../Engine/Content/EngineMaterials/BaseFlattenDiffuseMap_VT.uexp" 239
"../../../Engine/Content/EngineMaterials/BaseFlattenNormalMap_VT.uasset" 240
"../../../Engine/Content/EngineMaterials/BaseFlattenNormalMap_VT.uexp" 241
"../../../Engine/Content/EngineMaterials/FlattenMaterial_WS_Normal_VT.uasset" 242
"../../../Engine/Content/EngineMaterials/FlattenMaterial_WS_Normal_VT.uexp" 243
"../../../Engine/Content/EngineMaterials/FlattenMaterial_VT.uasset" 244
"../../../Engine/Content/EngineMaterials/FlattenMaterial_VT.uexp" 245
"../../../Engine/Content/EngineMaterials/BaseFlattenNormalMap.uasset" 246
"../../../Engine/Content/EngineMaterials/BaseFlattenNormalMap.uexp" 247
"../../../Engine/Content/EngineMaterials/BaseFlattenGrayscaleMap.uasset" 248
"../../../Engine/Content/EngineMaterials/BaseFlattenGrayscaleMap.uexp" 249
"../../../Engine/Content/EngineMaterials/BaseFlattenDiffuseMap.uasset" 250
"../../../Engine/Content/EngineMaterials/BaseFlattenDiffuseMap.uexp" 251
"../../../Engine/Content/Functions/Engine_MaterialFunctions02/PivotPainter2/Black_1x1_EXR_Texture.uasset" 252
"../../../Engine/Content/Functions/Engine_MaterialFunctions02/PivotPainter2/Black_1x1_EXR_Texture.uexp" 253
"../../../Engine/Content/EngineMaterials/BaseFlattenEmissiveMap.uasset" 254
"../../../Engine/Content/EngineMaterials/BaseFlattenEmissiveMap.uexp" 255
"../../../Engine/Content/EngineMaterials/BaseFlattenLinearColor.uasset" 256
"../../../Engine/Content/EngineMaterials/BaseFlattenLinearColor.uexp" 257
"../../../Engine/Content/EngineMaterials/FlattenMaterial.uasset" 258
"../../../Engine/Content/EngineMaterials/FlattenMaterial.uexp" 259
"../../../Engine/Content/EngineMaterials/DefaultWhiteGrid_Low.uasset" 260
"../../../Engine/Content/EngineMaterials/DefaultWhiteGrid_Low.uexp" 261
"../../../Engine/Content/EngineMaterials/EmissiveMeshMaterial.uasset" 262
"../../../Engine/Content/EngineMaterials/EmissiveMeshMaterial.uexp" 263
"../../../Engine/Content/EngineFonts/RobotoDistanceField.uasset" 264
"../../../Engine/Content/EngineFonts/RobotoDistanceField.uexp" 265
"../../../Engine/Content/EngineMaterials/DefaultTextMaterialOpaque.uasset" 266
"../../../Engine/Content/EngineMaterials/DefaultTextMaterialOpaque.uexp" 267
"../../../Engine/Content/EngineMaterials/DefaultDiffuse.ubulk" 268
"../../../Engine/Content/EngineMaterials/DefaultDiffuse.uasset" 269
"../../../Engine/Content/EngineMaterials/DefaultDiffuse.uexp" 270
"../../../Engine/Content/Functions/Engine_MaterialFunctions02/Utility/BreakOutFloat2Components.uasset" 271
"../../../Engine/Content/Functions/Engine_MaterialFunctions02/Utility/BreakOutFloat2Components.uexp" 272
"../../../Engine/Content/EngineMaterials/DefaultPostProcessMaterial.uasset" 273
"../../../Engine/Content/EngineMaterials/DefaultPostProcessMaterial.uexp" 274
"../../../Engine/Content/EngineMaterials/DefaultPhysicalMaterial.uasset" 275
"../../../Engine/Content/EngineMaterials/DefaultPhysicalMaterial.uexp" 276
"../../../Engine/Content/EngineMaterials/DefaultLightFunctionMaterial.uasset" 277
"../../../Engine/Content/EngineMaterials/DefaultLightFunctionMaterial.uexp" 278
"../../../Engine/Content/EngineMaterials/DefaultDestructiblePhysicalMaterial.uasset" 279
"../../../Engine/Content/EngineMaterials/DefaultDestructiblePhysicalMaterial.uexp" 280
"../../../Engine/Content/EngineMaterials/DefaultDeferredDecalMaterial.uasset" 281
"../../../Engine/Content/EngineMaterials/DefaultDeferredDecalMaterial.uexp" 282
"../../../Engine/Content/EngineMaterials/DefaultBloomKernel.uasset" 283
"../../../Engine/Content/EngineMaterials/DefaultBloomKernel.uexp" 284
"../../../Engine/Content/EngineResources/FilmGrains/Marcie_Grain_v3_128_M2_000.uasset" 285
"../../../Engine/Content/EngineResources/FilmGrains/Marcie_Grain_v3_128_M2_000.uexp" 286
"../../../Engine/Content/EngineSky/VolumetricClouds/CloudWeatherTexture.uasset" 287
"../../../Engine/Content/EngineSky/VolumetricClouds/CloudWeatherTexture.uexp" 288
"../../../Engine/Content/Functions/Engine_MaterialFunctions02/Utility/MakeFloat2.uasset" 289
"../../../Engine/Content/Functions/Engine_MaterialFunctions02/Utility/MakeFloat2.uexp" 290
"../../../Engine/Content/EngineSky/VolumetricClouds/CloudGradientTexture.uasset" 291
"../../../Engine/Content/EngineSky/VolumetricClouds/CloudGradientTexture.uexp" 292
"../../../Engine/Content/EngineSky/VolumetricClouds/T_NoiseShape64.ubulk" 293
"../../../Engine/Content/EngineSky/VolumetricClouds/T_NoiseShape64.uasset" 294
"../../../Engine/Content/EngineSky/VolumetricClouds/T_NoiseShape64.uexp" 295
"../../../Engine/Content/EngineSky/VolumetricClouds/T_VolumeNoiseShape64.uasset" 296
"../../../Engine/Content/EngineSky/VolumetricClouds/T_VolumeNoiseShape64.uexp" 297
"../../../Engine/Content/EngineSky/VolumetricClouds/T_NoiseErosion.ubulk" 298
"../../../Engine/Content/EngineSky/VolumetricClouds/T_NoiseErosion.uasset" 299
"../../../Engine/Content/EngineSky/VolumetricClouds/T_NoiseErosion.uexp" 300
"../../../Engine/Content/EngineSky/VolumetricClouds/T_VolumeNoiseErosion32.uasset" 301
"../../../Engine/Content/EngineSky/VolumetricClouds/T_VolumeNoiseErosion32.uexp" 302
"../../../Engine/Content/EngineSky/VolumetricClouds/m_SimpleVolumetricCloud.uasset" 303
"../../../Engine/Content/EngineSky/VolumetricClouds/m_SimpleVolumetricCloud.uexp" 304
"../../../Engine/Content/EngineSky/VolumetricClouds/m_SimpleVolumetricCloud_Inst.uasset" 305
"../../../Engine/Content/EngineSky/VolumetricClouds/m_SimpleVolumetricCloud_Inst.uexp" 306
"../../../Engine/Content/EngineSounds/Master.uasset" 307
"../../../Engine/Content/EngineSounds/Master.uexp" 308
"../../../Engine/Content/Functions/Engine_MaterialFunctions01/Shading/PowerToRoughness.uasset" 309
"../../../Engine/Content/Functions/Engine_MaterialFunctions01/Shading/PowerToRoughness.uexp" 310
"../../../Engine/Content/MobileResources/HUD/VirtualJoystick_Background.uasset" 311
"../../../Engine/Content/MobileResources/HUD/VirtualJoystick_Background.uexp" 312
"../../../Engine/Content/MobileResources/HUD/VirtualJoystick_Thumb.uasset" 313
"../../../Engine/Content/MobileResources/HUD/VirtualJoystick_Thumb.uexp" 314
"../../../Engine/Content/MobileResources/HUD/DefaultVirtualJoysticks.uasset" 315
"../../../Engine/Content/MobileResources/HUD/DefaultVirtualJoysticks.uexp" 316
"../../../Engine/Plugins/2D/Paper2D/Content/PlaceholderTextures/DummySpriteTexture.ubulk" 317
"../../../Engine/Plugins/2D/Paper2D/Content/PlaceholderTextures/DummySpriteTexture.uasset" 318
"../../../Engine/Plugins/2D/Paper2D/Content/PlaceholderTextures/DummySpriteTexture.uexp" 319
"../../../Engine/Plugins/2D/Paper2D/Content/DefaultSpriteMaterial.uasset" 320
"../../../Engine/Plugins/2D/Paper2D/Content/DefaultSpriteMaterial.uexp" 321
"../../../Engine/Plugins/2D/Paper2D/Content/OpaqueUnlitSpriteMaterial.uasset" 322
"../../../Engine/Plugins/2D/Paper2D/Content/OpaqueUnlitSpriteMaterial.uexp" 323
"../../../Engine/Plugins/2D/Paper2D/Content/MaskedUnlitSpriteMaterial.uasset" 324
"../../../Engine/Plugins/2D/Paper2D/Content/MaskedUnlitSpriteMaterial.uexp" 325
"../../../Engine/Plugins/2D/Paper2D/Content/DummySprite.uasset" 326
"../../../Engine/Plugins/2D/Paper2D/Content/DummySprite.uexp" 327
"../../../Engine/Plugins/2D/Paper2D/Content/DefaultPaperTerrainMaterial.uasset" 328
"../../../Engine/Plugins/2D/Paper2D/Content/DefaultPaperTerrainMaterial.uexp" 329
"../../../Engine/Plugins/Animation/ControlRig/Content/M_Manip.uasset" 330
"../../../Engine/Plugins/Animation/ControlRig/Content/M_Manip.uexp" 331
"../../../Engine/Plugins/Animation/ControlRig/Content/Controls/DefaultGizmoLibraryNormalized.uasset" 332
"../../../Engine/Plugins/Animation/ControlRig/Content/Controls/DefaultGizmoLibraryNormalized.uexp" 333
"../../../Engine/Plugins/Animation/ControlRig/Content/Controls/ControlRig_Wedge_solid.ubulk" 334
"../../../Engine/Plugins/Animation/ControlRig/Content/Controls/ControlRig_Wedge_solid.uasset" 335
"../../../Engine/Plugins/Animation/ControlRig/Content/Controls/ControlRig_Wedge_solid.uexp" 336
"../../../Engine/Plugins/Animation/ControlRig/Content/Controls/ControlRig_Wedge_3mm.ubulk" 337
"../../../Engine/Plugins/Animation/ControlRig/Content/Controls/ControlRig_Wedge_3mm.uasset" 338
"../../../Engine/Plugins/Animation/ControlRig/Content/Controls/ControlRig_Wedge_3mm.uexp" 339
"../../../Engine/Plugins/Animation/ControlRig/Content/Controls/ControlRig_Wedge_1mm.ubulk" 340
"../../../Engine/Plugins/Animation/ControlRig/Content/Controls/ControlRig_Wedge_1mm.uasset" 341
"../../../Engine/Plugins/Animation/ControlRig/Content/Controls/ControlRig_Wedge_1mm.uexp" 342
"../../../Engine/Plugins/Animation/ControlRig/Content/Controls/ControlRig_Triangle_solid.ubulk" 343
"../../../Engine/Plugins/Animation/ControlRig/Content/Controls/ControlRig_Triangle_solid.uasset" 344
"../../../Engine/Plugins/Animation/ControlRig/Content/Controls/ControlRig_Triangle_solid.uexp" 345
"../../../Engine/Plugins/Animation/ControlRig/Content/Controls/ControlRig_Triangle_3mm.ubulk" 346
"../../../Engine/Plugins/Animation/ControlRig/Content/Controls/ControlRig_Triangle_3mm.uasset" 347
"../../../Engine/Plugins/Animation/ControlRig/Content/Controls/ControlRig_Triangle_3mm.uexp" 348
"../../../Engine/Plugins/Animation/ControlRig/Content/Controls/ControlRig_Triangle_1mm.ubulk" 349
"../../../Engine/Plugins/Animation/ControlRig/Content/Controls/ControlRig_Triangle_1mm.uasset" 350
"../../../Engine/Plugins/Animation/ControlRig/Content/Controls/ControlRig_Triangle_1mm.uexp" 351
"../../../Engine/Plugins/Animation/ControlRig/Content/Controls/ControlRig_Star4_solid.ubulk" 352
"../../../Engine/Plugins/Animation/ControlRig/Content/Controls/ControlRig_Star4_solid.uasset" 353
"../../../Engine/Plugins/Animation/ControlRig/Content/Controls/ControlRig_Star4_solid.uexp" 354
"../../../Engine/Plugins/Animation/ControlRig/Content/Controls/ControlRig_Star4_3mm.ubulk" 355
"../../../Engine/Plugins/Animation/ControlRig/Content/Controls/ControlRig_Star4_3mm.uasset" 356
"../../../Engine/Plugins/Animation/ControlRig/Content/Controls/ControlRig_Star4_3mm.uexp" 357
"../../../Engine/Plugins/Animation/ControlRig/Content/Controls/ControlRig_Star4_1mm.ubulk" 358
"../../../Engine/Plugins/Animation/ControlRig/Content/Controls/ControlRig_Star4_1mm.uasset" 359
"../../../Engine/Plugins/Animation/ControlRig/Content/Controls/ControlRig_Star4_1mm.uexp" 360
"../../../Engine/Plugins/Animation/ControlRig/Content/Controls/ControlRig_Square_solid.ubulk" 361
"../../../Engine/Plugins/Animation/ControlRig/Content/Controls/ControlRig_Square_solid.uasset" 362
"../../../Engine/Plugins/Animation/ControlRig/Content/Controls/ControlRig_Square_solid.uexp" 363
"../../../Engine/Plugins/Animation/ControlRig/Content/Controls/ControlRig_Square_3mm.ubulk" 364
"../../../Engine/Plugins/Animation/ControlRig/Content/Controls/ControlRig_Square_3mm.uasset" 365
"../../../Engine/Plugins/Animation/ControlRig/Content/Controls/ControlRig_Square_3mm.uexp" 366
"../../../Engine/Plugins/Animation/ControlRig/Content/Controls/ControlRig_Square_1mm.ubulk" 367
"../../../Engine/Plugins/Animation/ControlRig/Content/Controls/ControlRig_Square_1mm.uasset" 368
"../../../Engine/Plugins/Animation/ControlRig/Content/Controls/ControlRig_Square_1mm.uexp" 369
"../../../Engine/Plugins/Animation/ControlRig/Content/Controls/ControlRig_Sphere_solid.ubulk" 370
"../../../Engine/Plugins/Animation/ControlRig/Content/Controls/ControlRig_Sphere_solid.uasset" 371
"../../../Engine/Plugins/Animation/ControlRig/Content/Controls/ControlRig_Sphere_solid.uexp" 372
"../../../Engine/Plugins/Animation/ControlRig/Content/Controls/ControlRig_Sphere_3mm.ubulk" 373
"../../../Engine/Plugins/Animation/ControlRig/Content/Controls/ControlRig_Sphere_3mm.uasset" 374
"../../../Engine/Plugins/Animation/ControlRig/Content/Controls/ControlRig_Sphere_3mm.uexp" 375
"../../../Engine/Plugins/Animation/ControlRig/Content/Controls/ControlRig_Sphere_1mm.ubulk" 376
"../../../Engine/Plugins/Animation/ControlRig/Content/Controls/ControlRig_Sphere_1mm.uasset" 377
"../../../Engine/Plugins/Animation/ControlRig/Content/Controls/ControlRig_Sphere_1mm.uexp" 378
"../../../Engine/Plugins/Animation/ControlRig/Content/Controls/ControlRig_RoundedTriangle_solid.ubulk" 379
"../../../Engine/Plugins/Animation/ControlRig/Content/Controls/ControlRig_RoundedTriangle_solid.uasset" 380
"../../../Engine/Plugins/Animation/ControlRig/Content/Controls/ControlRig_RoundedTriangle_solid.uexp" 381
"../../../Engine/Plugins/Animation/ControlRig/Content/Controls/ControlRig_RoundedTriangle_3mm.ubulk" 382
"../../../Engine/Plugins/Animation/ControlRig/Content/Controls/ControlRig_RoundedTriangle_3mm.uasset" 383
"../../../Engine/Plugins/Animation/ControlRig/Content/Controls/ControlRig_RoundedTriangle_3mm.uexp" 384
"../../../Engine/Plugins/Animation/ControlRig/Content/Controls/ControlRig_RoundedTriangle_1mm.ubulk" 385
"../../../Engine/Plugins/Animation/ControlRig/Content/Controls/ControlRig_RoundedTriangle_1mm.uasset" 386
"../../../Engine/Plugins/Animation/ControlRig/Content/Controls/ControlRig_RoundedTriangle_1mm.uexp" 387
"../../../Engine/Plugins/Animation/ControlRig/Content/Controls/ControlRig_RoundedSquare_solid.ubulk" 388
"../../../Engine/Plugins/Animation/ControlRig/Content/Controls/ControlRig_RoundedSquare_solid.uasset" 389
"../../../Engine/Plugins/Animation/ControlRig/Content/Controls/ControlRig_RoundedSquare_solid.uexp" 390
"../../../Engine/Plugins/Animation/ControlRig/Content/Controls/ControlRig_RoundedSquare_3mm.ubulk" 391
"../../../Engine/Plugins/Animation/ControlRig/Content/Controls/ControlRig_RoundedSquare_3mm.uasset" 392
"../../../Engine/Plugins/Animation/ControlRig/Content/Controls/ControlRig_RoundedSquare_3mm.uexp" 393
"../../../Engine/Plugins/Animation/ControlRig/Content/Controls/ControlRig_RoundedSquare_1mm.ubulk" 394
"../../../Engine/Plugins/Animation/ControlRig/Content/Controls/ControlRig_RoundedSquare_1mm.uasset" 395
"../../../Engine/Plugins/Animation/ControlRig/Content/Controls/ControlRig_RoundedSquare_1mm.uexp" 396
"../../../Engine/Plugins/Animation/ControlRig/Content/Controls/ControlRig_QuarterCircle_solid.ubulk" 397
"../../../Engine/Plugins/Animation/ControlRig/Content/Controls/ControlRig_QuarterCircle_solid.uasset" 398
"../../../Engine/Plugins/Animation/ControlRig/Content/Controls/ControlRig_QuarterCircle_solid.uexp" 399
"../../../Engine/Plugins/Animation/ControlRig/Content/Controls/ControlRig_QuarterCircle_3mm.ubulk" 400
"../../../Engine/Plugins/Animation/ControlRig/Content/Controls/ControlRig_QuarterCircle_3mm.uasset" 401
"../../../Engine/Plugins/Animation/ControlRig/Content/Controls/ControlRig_QuarterCircle_3mm.uexp" 402
"../../../Engine/Plugins/Animation/ControlRig/Content/Controls/ControlRig_QuarterCircle_1mm.ubulk" 403
"../../../Engine/Plugins/Animation/ControlRig/Content/Controls/ControlRig_QuarterCircle_1mm.uasset" 404
"../../../Engine/Plugins/Animation/ControlRig/Content/Controls/ControlRig_QuarterCircle_1mm.uexp" 405
"../../../Engine/Plugins/Animation/ControlRig/Content/Controls/ControlRig_Pyramid_solid.ubulk" 406
"../../../Engine/Plugins/Animation/ControlRig/Content/Controls/ControlRig_Pyramid_solid.uasset" 407
"../../../Engine/Plugins/Animation/ControlRig/Content/Controls/ControlRig_Pyramid_solid.uexp" 408
"../../../Engine/Plugins/Animation/ControlRig/Content/Controls/ControlRig_Pyramid_3mm.ubulk" 409
"../../../Engine/Plugins/Animation/ControlRig/Content/Controls/ControlRig_Pyramid_3mm.uasset" 410
"../../../Engine/Plugins/Animation/ControlRig/Content/Controls/ControlRig_Pyramid_3mm.uexp" 411
"../../../Engine/Plugins/Animation/ControlRig/Content/Controls/ControlRig_Pyramid_1mm.ubulk" 412
"../../../Engine/Plugins/Animation/ControlRig/Content/Controls/ControlRig_Pyramid_1mm.uasset" 413
"../../../Engine/Plugins/Animation/ControlRig/Content/Controls/ControlRig_Pyramid_1mm.uexp" 414
"../../../Engine/Plugins/Animation/ControlRig/Content/Controls/ControlRig_Octagon_solid.ubulk" 415
"../../../Engine/Plugins/Animation/ControlRig/Content/Controls/ControlRig_Octagon_solid.uasset" 416
"../../../Engine/Plugins/Animation/ControlRig/Content/Controls/ControlRig_Octagon_solid.uexp" 417
"../../../Engine/Plugins/Animation/ControlRig/Content/Controls/ControlRig_Octagon_3mm.ubulk" 418
"../../../Engine/Plugins/Animation/ControlRig/Content/Controls/ControlRig_Octagon_3mm.uasset" 419
"../../../Engine/Plugins/Animation/ControlRig/Content/Controls/ControlRig_Octagon_3mm.uexp" 420
"../../../Engine/Plugins/Animation/ControlRig/Content/Controls/ControlRig_Octagon_1mm.ubulk" 421
"../../../Engine/Plugins/Animation/ControlRig/Content/Controls/ControlRig_Octagon_1mm.uasset" 422
"../../../Engine/Plugins/Animation/ControlRig/Content/Controls/ControlRig_Octagon_1mm.uexp" 423
"../../../Engine/Plugins/Animation/ControlRig/Content/Controls/ControlRig_Hexagon_solid.ubulk" 424
"../../../Engine/Plugins/Animation/ControlRig/Content/Controls/ControlRig_Hexagon_solid.uasset" 425
"../../../Engine/Plugins/Animation/ControlRig/Content/Controls/ControlRig_Hexagon_solid.uexp" 426
"../../../Engine/Plugins/Animation/ControlRig/Content/Controls/ControlRig_Hexagon_3mm.ubulk" 427
"../../../Engine/Plugins/Animation/ControlRig/Content/Controls/ControlRig_Hexagon_3mm.uasset" 428
"../../../Engine/Plugins/Animation/ControlRig/Content/Controls/ControlRig_Hexagon_3mm.uexp" 429
"../../../Engine/Plugins/Animation/ControlRig/Content/Controls/ControlRig_Hexagon_1mm.ubulk" 430
"../../../Engine/Plugins/Animation/ControlRig/Content/Controls/ControlRig_Hexagon_1mm.uasset" 431
"../../../Engine/Plugins/Animation/ControlRig/Content/Controls/ControlRig_Hexagon_1mm.uexp" 432
"../../../Engine/Plugins/Animation/ControlRig/Content/Controls/ControlRig_HalfCircle_solid.ubulk" 433
"../../../Engine/Plugins/Animation/ControlRig/Content/Controls/ControlRig_HalfCircle_solid.uasset" 434
"../../../Engine/Plugins/Animation/ControlRig/Content/Controls/ControlRig_HalfCircle_solid.uexp" 435
"../../../Engine/Plugins/Animation/ControlRig/Content/Controls/ControlRig_HalfCircle_3mm.ubulk" 436
"../../../Engine/Plugins/Animation/ControlRig/Content/Controls/ControlRig_HalfCircle_3mm.uasset" 437
"../../../Engine/Plugins/Animation/ControlRig/Content/Controls/ControlRig_HalfCircle_3mm.uexp" 438
"../../../Engine/Plugins/Animation/ControlRig/Content/Controls/ControlRig_HalfCircle_1mm.ubulk" 439
"../../../Engine/Plugins/Animation/ControlRig/Content/Controls/ControlRig_HalfCircle_1mm.uasset" 440
"../../../Engine/Plugins/Animation/ControlRig/Content/Controls/ControlRig_HalfCircle_1mm.uexp" 441
"../../../Engine/Plugins/Animation/ControlRig/Content/Controls/ControlRig_Diamond_solid.ubulk" 442
"../../../Engine/Plugins/Animation/ControlRig/Content/Controls/ControlRig_Diamond_solid.uasset" 443
"../../../Engine/Plugins/Animation/ControlRig/Content/Controls/ControlRig_Diamond_solid.uexp" 444
"../../../Engine/Plugins/Animation/ControlRig/Content/Controls/ControlRig_Diamond_3mm.ubulk" 445
"../../../Engine/Plugins/Animation/ControlRig/Content/Controls/ControlRig_Diamond_3mm.uasset" 446
"../../../Engine/Plugins/Animation/ControlRig/Content/Controls/ControlRig_Diamond_3mm.uexp" 447
"../../../Engine/Plugins/Animation/ControlRig/Content/Controls/ControlRig_Diamond_1mm.ubulk" 448
"../../../Engine/Plugins/Animation/ControlRig/Content/Controls/ControlRig_Diamond_1mm.uasset" 449
"../../../Engine/Plugins/Animation/ControlRig/Content/Controls/ControlRig_Diamond_1mm.uexp" 450
"../../../Engine/Plugins/Animation/ControlRig/Content/Controls/ControlRig_Circle_solid.ubulk" 451
"../../../Engine/Plugins/Animation/ControlRig/Content/Controls/ControlRig_Circle_solid.uasset" 452
"../../../Engine/Plugins/Animation/ControlRig/Content/Controls/ControlRig_Circle_solid.uexp" 453
"../../../Engine/Plugins/Animation/ControlRig/Content/Controls/ControlRig_Circle_3mm.ubulk" 454
"../../../Engine/Plugins/Animation/ControlRig/Content/Controls/ControlRig_Circle_3mm.uasset" 455
"../../../Engine/Plugins/Animation/ControlRig/Content/Controls/ControlRig_Circle_3mm.uexp" 456
"../../../Engine/Plugins/Animation/ControlRig/Content/Controls/ControlRig_Circle_1mm.ubulk" 457
"../../../Engine/Plugins/Animation/ControlRig/Content/Controls/ControlRig_Circle_1mm.uasset" 458
"../../../Engine/Plugins/Animation/ControlRig/Content/Controls/ControlRig_Circle_1mm.uexp" 459
"../../../Engine/Plugins/Animation/ControlRig/Content/Controls/ControlRig_Box_solid.ubulk" 460
"../../../Engine/Plugins/Animation/ControlRig/Content/Controls/ControlRig_Box_solid.uasset" 461
"../../../Engine/Plugins/Animation/ControlRig/Content/Controls/ControlRig_Box_solid.uexp" 462
"../../../Engine/Plugins/Animation/ControlRig/Content/Controls/ControlRig_Box_3mm.ubulk" 463
"../../../Engine/Plugins/Animation/ControlRig/Content/Controls/ControlRig_Box_3mm.uasset" 464
"../../../Engine/Plugins/Animation/ControlRig/Content/Controls/ControlRig_Box_3mm.uexp" 465
"../../../Engine/Plugins/Animation/ControlRig/Content/Controls/ControlRig_Box_1mm.ubulk" 466
"../../../Engine/Plugins/Animation/ControlRig/Content/Controls/ControlRig_Box_1mm.uasset" 467
"../../../Engine/Plugins/Animation/ControlRig/Content/Controls/ControlRig_Box_1mm.uexp" 468
"../../../Engine/Plugins/Animation/ControlRig/Content/Controls/ControlRig_Arrow_solid.ubulk" 469
"../../../Engine/Plugins/Animation/ControlRig/Content/Controls/ControlRig_Arrow_solid.uasset" 470
"../../../Engine/Plugins/Animation/ControlRig/Content/Controls/ControlRig_Arrow_solid.uexp" 471
"../../../Engine/Plugins/Animation/ControlRig/Content/Controls/ControlRig_Arrow_3mm.ubulk" 472
"../../../Engine/Plugins/Animation/ControlRig/Content/Controls/ControlRig_Arrow_3mm.uasset" 473
"../../../Engine/Plugins/Animation/ControlRig/Content/Controls/ControlRig_Arrow_3mm.uexp" 474
"../../../Engine/Plugins/Animation/ControlRig/Content/Controls/ControlRig_Arrow_1mm.ubulk" 475
"../../../Engine/Plugins/Animation/ControlRig/Content/Controls/ControlRig_Arrow_1mm.uasset" 476
"../../../Engine/Plugins/Animation/ControlRig/Content/Controls/ControlRig_Arrow_1mm.uexp" 477
"../../../Engine/Plugins/Animation/ControlRig/Content/Controls/ControlRig_Arrow4_solid.ubulk" 478
"../../../Engine/Plugins/Animation/ControlRig/Content/Controls/ControlRig_Arrow4_solid.uasset" 479
"../../../Engine/Plugins/Animation/ControlRig/Content/Controls/ControlRig_Arrow4_solid.uexp" 480
"../../../Engine/Plugins/Animation/ControlRig/Content/Controls/ControlRig_Arrow4_3mm.ubulk" 481
"../../../Engine/Plugins/Animation/ControlRig/Content/Controls/ControlRig_Arrow4_3mm.uasset" 482
"../../../Engine/Plugins/Animation/ControlRig/Content/Controls/ControlRig_Arrow4_3mm.uexp" 483
"../../../Engine/Plugins/Animation/ControlRig/Content/Controls/ControlRig_Arrow4_1mm.ubulk" 484
"../../../Engine/Plugins/Animation/ControlRig/Content/Controls/ControlRig_Arrow4_1mm.uasset" 485
"../../../Engine/Plugins/Animation/ControlRig/Content/Controls/ControlRig_Arrow4_1mm.uexp" 486
"../../../Engine/Plugins/Animation/ControlRig/Content/Controls/ControlRig_Arrow2_solid.ubulk" 487
"../../../Engine/Plugins/Animation/ControlRig/Content/Controls/ControlRig_Arrow2_solid.uasset" 488
"../../../Engine/Plugins/Animation/ControlRig/Content/Controls/ControlRig_Arrow2_solid.uexp" 489
"../../../Engine/Plugins/Animation/ControlRig/Content/Controls/ControlRig_Arrow2_3mm.ubulk" 490
"../../../Engine/Plugins/Animation/ControlRig/Content/Controls/ControlRig_Arrow2_3mm.uasset" 491
"../../../Engine/Plugins/Animation/ControlRig/Content/Controls/ControlRig_Arrow2_3mm.uexp" 492
"../../../Engine/Plugins/Animation/ControlRig/Content/Controls/ControlRig_Arrow2_1mm.ubulk" 493
"../../../Engine/Plugins/Animation/ControlRig/Content/Controls/ControlRig_Arrow2_1mm.uasset" 494
"../../../Engine/Plugins/Animation/ControlRig/Content/Controls/ControlRig_Arrow2_1mm.uexp" 495
"../../../Engine/Plugins/Animation/ControlRig/Content/Controls/ControlRigXRayMaterial.uasset" 496
"../../../Engine/Plugins/Animation/ControlRig/Content/Controls/ControlRigXRayMaterial.uexp" 497
"../../../Engine/Plugins/Animation/ControlRig/Content/Controls/ControlRigGizmoMaterial.uasset" 498
"../../../Engine/Plugins/Animation/ControlRig/Content/Controls/ControlRigGizmoMaterial.uexp" 499
"../../../Engine/Plugins/Editor/SpeedTreeImporter/Content/SpeedTree9/game_wind_noise.ubulk" 500
"../../../Engine/Plugins/Editor/SpeedTreeImporter/Content/SpeedTree9/game_wind_noise.uasset" 501
"../../../Engine/Plugins/Editor/SpeedTreeImporter/Content/SpeedTree9/game_wind_noise.uexp" 502
"../../../Engine/Plugins/Editor/SpeedTreeImporter/Content/SpeedTree9/UnpackDirection.uasset" 503
"../../../Engine/Plugins/Editor/SpeedTreeImporter/Content/SpeedTree9/UnpackDirection.uexp" 504
"../../../Engine/Content/Functions/Engine_MaterialFunctions02/ObjectLocalBounds.uasset" 505
"../../../Engine/Content/Functions/Engine_MaterialFunctions02/ObjectLocalBounds.uexp" 506
"../../../Engine/Content/Functions/Engine_MaterialFunctions02/UVs/BoundingBoxBased_0-1_UVW.uasset" 507
"../../../Engine/Content/Functions/Engine_MaterialFunctions02/UVs/BoundingBoxBased_0-1_UVW.uexp" 508
"../../../Engine/Content/Functions/Engine_MaterialFunctions02/Utility/VectorLength.uasset" 509
"../../../Engine/Content/Functions/Engine_MaterialFunctions02/Utility/VectorLength.uexp" 510
"../../../Engine/Plugins/Editor/SpeedTreeImporter/Content/SpeedTree9/UnpackInteger3.uasset" 511
"../../../Engine/Plugins/Editor/SpeedTreeImporter/Content/SpeedTree9/UnpackInteger3.uexp" 512
"../../../Engine/Plugins/Editor/SpeedTreeImporter/Content/SpeedTree9/SpeedTreeCameraFacing.uasset" 513
"../../../Engine/Plugins/Editor/SpeedTreeImporter/Content/SpeedTree9/SpeedTreeCameraFacing.uexp" 514
"../../../Engine/Content/Functions/Engine_MaterialFunctions02/WorldPositionOffset/ObjectScale.uasset" 515
"../../../Engine/Content/Functions/Engine_MaterialFunctions02/WorldPositionOffset/ObjectScale.uexp" 516
"../../../Engine/Content/Functions/Engine_MaterialFunctions02/SafeNormalize.uasset" 517
"../../../Engine/Content/Functions/Engine_MaterialFunctions02/SafeNormalize.uexp" 518
"../../../Engine/Plugins/Editor/SpeedTreeImporter/Content/SpeedTree9/SpeedTreeWindMotion.uasset" 519
"../../../Engine/Plugins/Editor/SpeedTreeImporter/Content/SpeedTree9/SpeedTreeWindMotion.uexp" 520
"../../../Engine/Plugins/Editor/SpeedTreeImporter/Content/SpeedTree9/SpeedTreeBranchMotion.uasset" 521
"../../../Engine/Plugins/Editor/SpeedTreeImporter/Content/SpeedTree9/SpeedTreeBranchMotion.uexp" 522
"../../../Engine/Plugins/Editor/SpeedTreeImporter/Content/SpeedTree9/SpeedTreeWind.uasset" 523
"../../../Engine/Plugins/Editor/SpeedTreeImporter/Content/SpeedTree9/SpeedTreeWind.uexp" 524
"../../../Engine/Plugins/Editor/SpeedTreeImporter/Content/SpeedTree9/EmptyNormal.uasset" 525
"../../../Engine/Plugins/Editor/SpeedTreeImporter/Content/SpeedTree9/EmptyNormal.uexp" 526
"../../../Engine/Plugins/Editor/SpeedTreeImporter/Content/SpeedTree9/Empty.uasset" 527
"../../../Engine/Plugins/Editor/SpeedTreeImporter/Content/SpeedTree9/Empty.uexp" 528
"../../../Engine/Plugins/Editor/SpeedTreeImporter/Content/SpeedTree9/SpeedTreeMaster.uasset" 529
"../../../Engine/Plugins/Editor/SpeedTreeImporter/Content/SpeedTree9/SpeedTreeMaster.uexp" 530
"../../../Engine/Plugins/Editor/SpeedTreeImporter/Content/SpeedTree9/SpeedTreeBillboard.uasset" 531
"../../../Engine/Plugins/Editor/SpeedTreeImporter/Content/SpeedTree9/SpeedTreeBillboard.uexp" 532
"../../../Engine/Plugins/Editor/SpeedTreeImporter/Content/SpeedTree9/SpeedTreeBillboardMaster.uasset" 533
"../../../Engine/Plugins/Editor/SpeedTreeImporter/Content/SpeedTree9/SpeedTreeBillboardMaster.uexp" 534
"../../../Engine/Content/Functions/Engine_MaterialFunctions02/Texturing/CustomRotator.uasset" 535
"../../../Engine/Content/Functions/Engine_MaterialFunctions02/Texturing/CustomRotator.uexp" 536
"../../../Engine/Content/Functions/Engine_MaterialFunctions02/Texturing/ScreenAlignedPixelToPixelUVs.uasset" 537
"../../../Engine/Content/Functions/Engine_MaterialFunctions02/Texturing/ScreenAlignedPixelToPixelUVs.uexp" 538
"../../../Engine/Plugins/Interchange/Runtime/Content/Utilities/T_Bayer64_Grayscale_64px.uasset" 539
"../../../Engine/Plugins/Interchange/Runtime/Content/Utilities/T_Bayer64_Grayscale_64px.uexp" 540
"../../../Engine/Plugins/Interchange/Runtime/Content/gltf/MaterialFunctions/MF_Temporal_Blur.uasset" 541
"../../../Engine/Plugins/Interchange/Runtime/Content/gltf/MaterialFunctions/MF_Temporal_Blur.uexp" 542
"../../../Engine/Plugins/Interchange/Runtime/Content/gltf/MaterialFunctions/MF_Fresnel_DS.uasset" 543
"../../../Engine/Plugins/Interchange/Runtime/Content/gltf/MaterialFunctions/MF_Fresnel_DS.uexp" 544
"../../../Engine/Plugins/Interchange/Runtime/Content/Functions/MX_Transmission.uasset" 545
"../../../Engine/Plugins/Interchange/Runtime/Content/Functions/MX_Transmission.uexp" 546
"../../../Engine/Plugins/Interchange/Runtime/Content/Functions/MF_OrenNayerView.uasset" 547
"../../../Engine/Plugins/Interchange/Runtime/Content/Functions/MF_OrenNayerView.uexp" 548
"../../../Engine/Plugins/Interchange/Runtime/Content/Functions/MF_SchlickApprox.uasset" 549
"../../../Engine/Plugins/Interchange/Runtime/Content/Functions/MF_SchlickApprox.uexp" 550
"../../../Engine/Plugins/Interchange/Runtime/Content/Utilities/New_LUT.uasset" 551
"../../../Engine/Plugins/Interchange/Runtime/Content/Utilities/New_LUT.uexp" 552
"../../../Engine/Content/Functions/Engine_MaterialFunctions03/Math/RemapValueRange.uasset" 553
"../../../Engine/Content/Functions/Engine_MaterialFunctions03/Math/RemapValueRange.uexp" 554
"../../../Engine/Plugins/Interchange/Runtime/Content/Functions/MF_Iridescence.uasset" 555
"../../../Engine/Plugins/Interchange/Runtime/Content/Functions/MF_Iridescence.uexp" 556
"../../../Engine/Plugins/Interchange/Runtime/Content/Functions/MX_StandardSurface.uasset" 557
"../../../Engine/Plugins/Interchange/Runtime/Content/Functions/MX_StandardSurface.uexp" 558
"../../../Engine/Plugins/Interchange/Runtime/Content/Functions/MX_TransmissionSurface.uasset" 559
"../../../Engine/Plugins/Interchange/Runtime/Content/Functions/MX_TransmissionSurface.uexp" 560
"../../../Engine/Content/Functions/Engine_MaterialFunctions02/Math/AddComponents.uasset" 561
"../../../Engine/Content/Functions/Engine_MaterialFunctions02/Math/AddComponents.uexp" 562
"../../../Engine/Content/Functions/Engine_MaterialFunctions02/WorldPositionOffset/V2/ObjectScale.uasset" 563
"../../../Engine/Content/Functions/Engine_MaterialFunctions02/WorldPositionOffset/V2/ObjectScale.uexp" 564
"../../../Engine/Plugins/Interchange/Runtime/Content/gltf/MaterialFunctions/MF_TransmissionOpacity.uasset" 565
"../../../Engine/Plugins/Interchange/Runtime/Content/gltf/MaterialFunctions/MF_TransmissionOpacity.uexp" 566
"../../../Engine/Plugins/Interchange/Runtime/Content/gltf/MaterialFunctions/MF_RotateV2.uasset" 567
"../../../Engine/Plugins/Interchange/Runtime/Content/gltf/MaterialFunctions/MF_RotateV2.uexp" 568
"../../../Engine/Plugins/Interchange/Runtime/Content/gltf/MaterialFunctions/MF_TransformUVs.uasset" 569
"../../../Engine/Plugins/Interchange/Runtime/Content/gltf/MaterialFunctions/MF_TransformUVs.uexp" 570
"../../../Engine/Plugins/Interchange/Runtime/Content/gltf/Textures/T_White_srgb.uasset" 571
"../../../Engine/Plugins/Interchange/Runtime/Content/gltf/Textures/T_White_srgb.uexp" 572
"../../../Engine/Plugins/Interchange/Runtime/Content/gltf/MaterialFunctions/MF_BaseColor.uasset" 573
"../../../Engine/Plugins/Interchange/Runtime/Content/gltf/MaterialFunctions/MF_BaseColor.uexp" 574
"../../../Engine/Plugins/Interchange/Runtime/Content/gltf/MaterialFunctions/MF_DiffuseSpecGloss.uasset" 575
"../../../Engine/Plugins/Interchange/Runtime/Content/gltf/MaterialFunctions/MF_DiffuseSpecGloss.uexp" 576
"../../../Engine/Plugins/Interchange/Runtime/Content/gltf/Textures/T_White_Linear.uasset" 577
"../../../Engine/Plugins/Interchange/Runtime/Content/gltf/Textures/T_White_Linear.uexp" 578
"../../../Engine/Plugins/Interchange/Runtime/Content/gltf/MaterialFunctions/MF_MetallicRoughness.uasset" 579
"../../../Engine/Plugins/Interchange/Runtime/Content/gltf/MaterialFunctions/MF_MetallicRoughness.uexp" 580
"../../../Engine/Plugins/Interchange/Runtime/Content/gltf/MaterialFunctions/MF_Transmission.uasset" 581
"../../../Engine/Plugins/Interchange/Runtime/Content/gltf/MaterialFunctions/MF_Transmission.uexp" 582
"../../../Engine/Plugins/Interchange/Runtime/Content/gltf/MaterialFunctions/MF_Occlusion.uasset" 583
"../../../Engine/Plugins/Interchange/Runtime/Content/gltf/MaterialFunctions/MF_Occlusion.uexp" 584
"../../../Engine/Plugins/Interchange/Runtime/Content/gltf/MaterialFunctions/MF_Specular.uasset" 585
"../../../Engine/Plugins/Interchange/Runtime/Content/gltf/MaterialFunctions/MF_Specular.uexp" 586
"../../../Engine/Plugins/Interchange/Runtime/Content/gltf/MaterialFunctions/MF_IOR.uasset" 587
"../../../Engine/Plugins/Interchange/Runtime/Content/gltf/MaterialFunctions/MF_IOR.uexp" 588
"../../../Engine/Content/Functions/Engine_MaterialFunctions01/Texturing/FlattenNormal.uasset" 589
"../../../Engine/Content/Functions/Engine_MaterialFunctions01/Texturing/FlattenNormal.uexp" 590
"../../../Engine/Content/Functions/Engine_MaterialFunctions02/Math/Transform3x3Matrix.uasset" 591
"../../../Engine/Content/Functions/Engine_MaterialFunctions02/Math/Transform3x3Matrix.uexp" 592
"../../../Engine/Plugins/Interchange/Runtime/Content/gltf/MaterialFunctions/MF_RotateNormals_TS.uasset" 593
"../../../Engine/Plugins/Interchange/Runtime/Content/gltf/MaterialFunctions/MF_RotateNormals_TS.uexp" 594
"../../../Engine/Plugins/Interchange/Runtime/Content/gltf/Textures/T_Generic_N.uasset" 595
"../../../Engine/Plugins/Interchange/Runtime/Content/gltf/Textures/T_Generic_N.uexp" 596
"../../../Engine/Plugins/Interchange/Runtime/Content/gltf/MaterialFunctions/MF_Normals.uasset" 597
"../../../Engine/Plugins/Interchange/Runtime/Content/gltf/MaterialFunctions/MF_Normals.uexp" 598
"../../../Engine/Plugins/Interchange/Runtime/Content/gltf/MaterialFunctions/MF_PerceivedBrightness.uasset" 599
"../../../Engine/Plugins/Interchange/Runtime/Content/gltf/MaterialFunctions/MF_PerceivedBrightness.uexp" 600
"../../../Engine/Plugins/Interchange/Runtime/Content/gltf/MaterialFunctions/MF_SpecGlossToMetalRoughness.uasset" 601
"../../../Engine/Plugins/Interchange/Runtime/Content/gltf/MaterialFunctions/MF_SpecGlossToMetalRoughness.uexp" 602
"../../../Engine/Plugins/Interchange/Runtime/Content/gltf/M_Transmission.uasset" 603
"../../../Engine/Plugins/Interchange/Runtime/Content/gltf/M_Transmission.uexp" 604
"../../../Engine/Plugins/Interchange/Runtime/Content/gltf/MaterialInstances_MR/MI_Transmission_TS.uasset" 605
"../../../Engine/Plugins/Interchange/Runtime/Content/gltf/MaterialInstances_MR/MI_Transmission_TS.uexp" 606
"../../../Engine/Plugins/Interchange/Runtime/Content/gltf/MaterialInstances_MR/MI_Transmission.uasset" 607
"../../../Engine/Plugins/Interchange/Runtime/Content/gltf/MaterialInstances_MR/MI_Transmission.uexp" 608
"../../../Engine/Plugins/Interchange/Runtime/Content/gltf/MaterialFunctions/MF_Clearcoat.uasset" 609
"../../../Engine/Plugins/Interchange/Runtime/Content/gltf/MaterialFunctions/MF_Clearcoat.uexp" 610
"../../../Engine/Plugins/Interchange/Runtime/Content/gltf/MaterialFunctions/MF_Emissive.uasset" 611
"../../../Engine/Plugins/Interchange/Runtime/Content/gltf/MaterialFunctions/MF_Emissive.uexp" 612
"../../../Engine/Plugins/Interchange/Runtime/Content/gltf/M_Translucent.uasset" 613
"../../../Engine/Plugins/Interchange/Runtime/Content/gltf/M_Translucent.uexp" 614
"../../../Engine/Plugins/Interchange/Runtime/Content/gltf/MaterialInstances_MR/MI_Translucent_TS.uasset" 615
"../../../Engine/Plugins/Interchange/Runtime/Content/gltf/MaterialInstances_MR/MI_Translucent_TS.uexp" 616
"../../../Engine/Plugins/Interchange/Runtime/Content/gltf/MaterialInstances_MR/MI_Translucent_ClearCoat_TS.uasset" 617
"../../../Engine/Plugins/Interchange/Runtime/Content/gltf/MaterialInstances_MR/MI_Translucent_ClearCoat_TS.uexp" 618
"../../../Engine/Plugins/Interchange/Runtime/Content/gltf/MaterialInstances_MR/MI_Translucent_ClearCoat.uasset" 619
"../../../Engine/Plugins/Interchange/Runtime/Content/gltf/MaterialInstances_MR/MI_Translucent_ClearCoat.uexp" 620
"../../../Engine/Plugins/Interchange/Runtime/Content/gltf/MaterialInstances_MR/MI_Translucent.uasset" 621
"../../../Engine/Plugins/Interchange/Runtime/Content/gltf/MaterialInstances_MR/MI_Translucent.uexp" 622
"../../../Engine/Plugins/Interchange/Runtime/Content/gltf/M_Unlit.uasset" 623
"../../../Engine/Plugins/Interchange/Runtime/Content/gltf/M_Unlit.uexp" 624
"../../../Engine/Plugins/Interchange/Runtime/Content/gltf/MaterialInstances_MR/MI_Opaque_Unlit_TS.uasset" 625
"../../../Engine/Plugins/Interchange/Runtime/Content/gltf/MaterialInstances_MR/MI_Opaque_Unlit_TS.uexp" 626
"../../../Engine/Plugins/Interchange/Runtime/Content/gltf/MaterialInstances_MR/MI_Opaque_Unlit.uasset" 627
"../../../Engine/Plugins/Interchange/Runtime/Content/gltf/MaterialInstances_MR/MI_Opaque_Unlit.uexp" 628
"../../../Engine/Plugins/Interchange/Runtime/Content/gltf/M_Opaque.uasset" 629
"../../../Engine/Plugins/Interchange/Runtime/Content/gltf/M_Opaque.uexp" 630
"../../../Engine/Plugins/Interchange/Runtime/Content/gltf/MaterialInstances_MR/MI_Opaque_TS.uasset" 631
"../../../Engine/Plugins/Interchange/Runtime/Content/gltf/MaterialInstances_MR/MI_Opaque_TS.uexp" 632
"../../../Engine/Plugins/Interchange/Runtime/Content/gltf/MaterialFunctions/MF_Sheen.uasset" 633
"../../../Engine/Plugins/Interchange/Runtime/Content/gltf/MaterialFunctions/MF_Sheen.uexp" 634
"../../../Engine/Content/Functions/Engine_MaterialFunctions01/Shading/FuzzyShading.uasset" 635
"../../../Engine/Content/Functions/Engine_MaterialFunctions01/Shading/FuzzyShading.uexp" 636
"../../../Engine/Plugins/Interchange/Runtime/Content/gltf/M_Sheen.uasset" 637
"../../../Engine/Plugins/Interchange/Runtime/Content/gltf/M_Sheen.uexp" 638
"../../../Engine/Plugins/Interchange/Runtime/Content/gltf/MaterialInstances_MR/MI_Opaque_Sheen_TS.uasset" 639
"../../../Engine/Plugins/Interchange/Runtime/Content/gltf/MaterialInstances_MR/MI_Opaque_Sheen_TS.uexp" 640
"../../../Engine/Plugins/Interchange/Runtime/Content/gltf/MaterialInstances_MR/MI_Opaque_Sheen.uasset" 641
"../../../Engine/Plugins/Interchange/Runtime/Content/gltf/MaterialInstances_MR/MI_Opaque_Sheen.uexp" 642
"../../../Engine/Plugins/Interchange/Runtime/Content/gltf/MaterialInstances_MR/MI_Opaque_ClearCoat_TS.uasset" 643
"../../../Engine/Plugins/Interchange/Runtime/Content/gltf/MaterialInstances_MR/MI_Opaque_ClearCoat_TS.uexp" 644
"../../../Engine/Plugins/Interchange/Runtime/Content/gltf/MaterialInstances_MR/MI_Opaque_ClearCoat.uasset" 645
"../../../Engine/Plugins/Interchange/Runtime/Content/gltf/MaterialInstances_MR/MI_Opaque_ClearCoat.uexp" 646
"../../../Engine/Plugins/Interchange/Runtime/Content/gltf/MaterialInstances_MR/MI_Opaque.uasset" 647
"../../../Engine/Plugins/Interchange/Runtime/Content/gltf/MaterialInstances_MR/MI_Opaque.uexp" 648
"../../../Engine/Plugins/Interchange/Runtime/Content/gltf/MaterialInstances_SG/MI_Transmission_TS.uasset" 649
"../../../Engine/Plugins/Interchange/Runtime/Content/gltf/MaterialInstances_SG/MI_Transmission_TS.uexp" 650
"../../../Engine/Plugins/Interchange/Runtime/Content/gltf/MaterialInstances_SG/MI_Transmission.uasset" 651
"../../../Engine/Plugins/Interchange/Runtime/Content/gltf/MaterialInstances_SG/MI_Transmission.uexp" 652
"../../../Engine/Plugins/Interchange/Runtime/Content/gltf/MaterialInstances_SG/MI_Translucent_TS.uasset" 653
"../../../Engine/Plugins/Interchange/Runtime/Content/gltf/MaterialInstances_SG/MI_Translucent_TS.uexp" 654
"../../../Engine/Plugins/Interchange/Runtime/Content/gltf/MaterialInstances_SG/MI_Translucent_ClearCoat_TS.uasset" 655
"../../../Engine/Plugins/Interchange/Runtime/Content/gltf/MaterialInstances_SG/MI_Translucent_ClearCoat_TS.uexp" 656
"../../../Engine/Plugins/Interchange/Runtime/Content/gltf/MaterialInstances_SG/MI_Translucent_ClearCoat.uasset" 657
"../../../Engine/Plugins/Interchange/Runtime/Content/gltf/MaterialInstances_SG/MI_Translucent_ClearCoat.uexp" 658
"../../../Engine/Plugins/Interchange/Runtime/Content/gltf/MaterialInstances_SG/MI_Translucent.uasset" 659
"../../../Engine/Plugins/Interchange/Runtime/Content/gltf/MaterialInstances_SG/MI_Translucent.uexp" 660
"../../../Engine/Plugins/Interchange/Runtime/Content/gltf/MaterialInstances_SG/MI_Opaque_TS.uasset" 661
"../../../Engine/Plugins/Interchange/Runtime/Content/gltf/MaterialInstances_SG/MI_Opaque_TS.uexp" 662
"../../../Engine/Plugins/Interchange/Runtime/Content/gltf/MaterialInstances_SG/MI_Opaque_Sheen_TS.uasset" 663
"../../../Engine/Plugins/Interchange/Runtime/Content/gltf/MaterialInstances_SG/MI_Opaque_Sheen_TS.uexp" 664
"../../../Engine/Plugins/Interchange/Runtime/Content/gltf/MaterialInstances_SG/MI_Opaque_Sheen.uasset" 665
"../../../Engine/Plugins/Interchange/Runtime/Content/gltf/MaterialInstances_SG/MI_Opaque_Sheen.uexp" 666
"../../../Engine/Plugins/Interchange/Runtime/Content/gltf/MaterialInstances_SG/MI_Opaque_ClearCoat_TS.uasset" 667
"../../../Engine/Plugins/Interchange/Runtime/Content/gltf/MaterialInstances_SG/MI_Opaque_ClearCoat_TS.uexp" 668
"../../../Engine/Plugins/Interchange/Runtime/Content/gltf/MaterialInstances_SG/MI_Opaque_ClearCoat.uasset" 669
"../../../Engine/Plugins/Interchange/Runtime/Content/gltf/MaterialInstances_SG/MI_Opaque_ClearCoat.uexp" 670
"../../../Engine/Plugins/Interchange/Runtime/Content/gltf/MaterialInstances_SG/MI_Opaque.uasset" 671
"../../../Engine/Plugins/Interchange/Runtime/Content/gltf/MaterialInstances_SG/MI_Opaque.uexp" 672
"../../../Engine/Plugins/Interchange/Runtime/Content/gltf/Textures/T_Gray_Linear.uasset" 673
"../../../Engine/Plugins/Interchange/Runtime/Content/gltf/Textures/T_Gray_Linear.uexp" 674
"../../../Engine/Plugins/Interchange/Runtime/Content/gltf/Textures/T_Black_srgb.uasset" 675
"../../../Engine/Plugins/Interchange/Runtime/Content/gltf/Textures/T_Black_srgb.uexp" 676
"../../../Engine/Plugins/Interchange/Runtime/Content/Materials/UnlitMaterial.uasset" 677
"../../../Engine/Plugins/Interchange/Runtime/Content/Materials/UnlitMaterial.uexp" 678
"../../../Engine/Content/EngineMaterials/DefaultNormal.ubulk" 679
"../../../Engine/Content/EngineMaterials/DefaultNormal.uasset" 680
"../../../Engine/Content/EngineMaterials/DefaultNormal.uexp" 681
"../../../Engine/Plugins/Interchange/Runtime/Content/Materials/MapOrScalarFunction.uasset" 682
"../../../Engine/Plugins/Interchange/Runtime/Content/Materials/MapOrScalarFunction.uexp" 683
"../../../Engine/Plugins/Interchange/Runtime/Content/Materials/MapOrLinearColorFunction.uasset" 684
"../../../Engine/Plugins/Interchange/Runtime/Content/Materials/MapOrLinearColorFunction.uexp" 685
"../../../Engine/Plugins/Interchange/Runtime/Content/Materials/MapOrColorFunction.uasset" 686
"../../../Engine/Plugins/Interchange/Runtime/Content/Materials/MapOrColorFunction.uexp" 687
"../../../Engine/Plugins/Interchange/Runtime/Content/Materials/CommonMaterial.uasset" 688
"../../../Engine/Plugins/Interchange/Runtime/Content/Materials/CommonMaterial.uexp" 689
"../../../Engine/Plugins/Interchange/Runtime/Content/Materials/PBRSurfaceFunction.uasset" 690
"../../../Engine/Plugins/Interchange/Runtime/Content/Materials/PBRSurfaceFunction.uexp" 691
"../../../Engine/Plugins/Interchange/Runtime/Content/Materials/ThinTranslucentMaterial.uasset" 692
"../../../Engine/Plugins/Interchange/Runtime/Content/Materials/ThinTranslucentMaterial.uexp" 693
"../../../Engine/Plugins/Interchange/Runtime/Content/Materials/SubsurfaceMaterial.uasset" 694
"../../../Engine/Plugins/Interchange/Runtime/Content/Materials/SubsurfaceMaterial.uexp" 695
"../../../Engine/Plugins/Interchange/Runtime/Content/Materials/SheenMaterial.uasset" 696
"../../../Engine/Plugins/Interchange/Runtime/Content/Materials/SheenMaterial.uexp" 697
"../../../Engine/Content/Functions/Engine_MaterialFunctions01/Shading/ConvertFromDiffSpec.uasset" 698
"../../../Engine/Content/Functions/Engine_MaterialFunctions01/Shading/ConvertFromDiffSpec.uexp" 699
"../../../Engine/Plugins/Interchange/Runtime/Content/Materials/PhongSurfaceMaterial.uasset" 700
"../../../Engine/Plugins/Interchange/Runtime/Content/Materials/PhongSurfaceMaterial.uexp" 701
"../../../Engine/Plugins/Interchange/Runtime/Content/Materials/PBRSurfaceMaterial.uasset" 702
"../../../Engine/Plugins/Interchange/Runtime/Content/Materials/PBRSurfaceMaterial.uexp" 703
"../../../Engine/Content/EngineMaterials/FlatNormal.uasset" 704
"../../../Engine/Content/EngineMaterials/FlatNormal.uexp" 705
"../../../Engine/Content/EditorLandscapeResources/WhiteSquareTexture.uasset" 706
"../../../Engine/Content/EditorLandscapeResources/WhiteSquareTexture.uexp" 707
"../../../Engine/Plugins/Interchange/Runtime/Content/Materials/OrenNayerMaterial.uasset" 708
"../../../Engine/Plugins/Interchange/Runtime/Content/Materials/OrenNayerMaterial.uexp" 709
"../../../Engine/Plugins/Interchange/Runtime/Content/Materials/LambertSurfaceMaterial.uasset" 710
"../../../Engine/Plugins/Interchange/Runtime/Content/Materials/LambertSurfaceMaterial.uexp" 711
"../../../Engine/Plugins/Interchange/Runtime/Content/Materials/ClearCoatMaterial.uasset" 712
"../../../Engine/Plugins/Interchange/Runtime/Content/Materials/ClearCoatMaterial.uexp" 713
"../../../Engine/Plugins/Interchange/Runtime/Content/Pipelines/DefaultTexturePipeline.uasset" 714
"../../../Engine/Plugins/Interchange/Runtime/Content/Pipelines/DefaultTexturePipeline.uexp" 715
"../../../Engine/Plugins/Interchange/Runtime/Content/Pipelines/DefaultSceneLevelPipeline.uasset" 716
"../../../Engine/Plugins/Interchange/Runtime/Content/Pipelines/DefaultSceneLevelPipeline.uexp" 717
"../../../Engine/Plugins/Interchange/Runtime/Content/Pipelines/DefaultSceneAssetsPipeline.uasset" 718
"../../../Engine/Plugins/Interchange/Runtime/Content/Pipelines/DefaultSceneAssetsPipeline.uexp" 719
"../../../Engine/Plugins/Interchange/Runtime/Content/Pipelines/DefaultMaterialPipeline.uasset" 720
"../../../Engine/Plugins/Interchange/Runtime/Content/Pipelines/DefaultMaterialPipeline.uexp" 721
"../../../Engine/Plugins/Interchange/Runtime/Content/Pipelines/DefaultAssetsPipeline.uasset" 722
"../../../Engine/Plugins/Interchange/Runtime/Content/Pipelines/DefaultAssetsPipeline.uexp" 723
"../../../Engine/Plugins/Runtime/MeshModelingToolset/Content/Materials/M_DynamicMeshComponentVtxColor.uasset" 724
"../../../Engine/Plugins/Runtime/MeshModelingToolset/Content/Materials/M_DynamicMeshComponentVtxColor.uexp" 725
"D:/UOC-Grado_Ingenieria_Informatica/Semestre_09/TFG/Gladiators_Pride/UnrealEngine_5_1_0/Content/Textures/Gladiator/Gladiator_Body_COLOR.ubulk" 726
"D:/UOC-Grado_Ingenieria_Informatica/Semestre_09/TFG/Gladiators_Pride/UnrealEngine_5_1_0/Content/Textures/Gladiator/Gladiator_Body_COLOR.uasset" 727
"D:/UOC-Grado_Ingenieria_Informatica/Semestre_09/TFG/Gladiators_Pride/UnrealEngine_5_1_0/Content/Textures/Gladiator/Gladiator_Body_COLOR.uexp" 728
"D:/UOC-Grado_Ingenieria_Informatica/Semestre_09/TFG/Gladiators_Pride/UnrealEngine_5_1_0/Content/Textures/Gladiator/Gladiator_Body_NM.ubulk" 729
"D:/UOC-Grado_Ingenieria_Informatica/Semestre_09/TFG/Gladiators_Pride/UnrealEngine_5_1_0/Content/Textures/Gladiator/Gladiator_Body_NM.uasset" 730
"D:/UOC-Grado_Ingenieria_Informatica/Semestre_09/TFG/Gladiators_Pride/UnrealEngine_5_1_0/Content/Textures/Gladiator/Gladiator_Body_NM.uexp" 731
"D:/UOC-Grado_Ingenieria_Informatica/Semestre_09/TFG/Gladiators_Pride/UnrealEngine_5_1_0/Content/Materials/Gladiator_Body.uasset" 732
"D:/UOC-Grado_Ingenieria_Informatica/Semestre_09/TFG/Gladiators_Pride/UnrealEngine_5_1_0/Content/Materials/Gladiator_Body.uexp" 733
"D:/UOC-Grado_Ingenieria_Informatica/Semestre_09/TFG/Gladiators_Pride/UnrealEngine_5_1_0/Content/Textures/Gladiator/Gladiator_Armor_AO_Test.ubulk" 734
"D:/UOC-Grado_Ingenieria_Informatica/Semestre_09/TFG/Gladiators_Pride/UnrealEngine_5_1_0/Content/Textures/Gladiator/Gladiator_Armor_AO_Test.uasset" 735
"D:/UOC-Grado_Ingenieria_Informatica/Semestre_09/TFG/Gladiators_Pride/UnrealEngine_5_1_0/Content/Textures/Gladiator/Gladiator_Armor_AO_Test.uexp" 736
"D:/UOC-Grado_Ingenieria_Informatica/Semestre_09/TFG/Gladiators_Pride/UnrealEngine_5_1_0/Content/Textures/Gladiator/Gladiator_Armor_NM_normals.ubulk" 737
"D:/UOC-Grado_Ingenieria_Informatica/Semestre_09/TFG/Gladiators_Pride/UnrealEngine_5_1_0/Content/Textures/Gladiator/Gladiator_Armor_NM_normals.uasset" 738
"D:/UOC-Grado_Ingenieria_Informatica/Semestre_09/TFG/Gladiators_Pride/UnrealEngine_5_1_0/Content/Textures/Gladiator/Gladiator_Armor_NM_normals.uexp" 739
"D:/UOC-Grado_Ingenieria_Informatica/Semestre_09/TFG/Gladiators_Pride/UnrealEngine_5_1_0/Content/Materials/Gladiator_Armor.uasset" 740
"D:/UOC-Grado_Ingenieria_Informatica/Semestre_09/TFG/Gladiators_Pride/UnrealEngine_5_1_0/Content/Materials/Gladiator_Armor.uexp" 741
"D:/UOC-Grado_Ingenieria_Informatica/Semestre_09/TFG/Gladiators_Pride/UnrealEngine_5_1_0/Content/Skeletons/Gladiator_Skeleton.uasset" 742
"D:/UOC-Grado_Ingenieria_Informatica/Semestre_09/TFG/Gladiators_Pride/UnrealEngine_5_1_0/Content/Skeletons/Gladiator_Skeleton.uexp" 743
"D:/UOC-Grado_Ingenieria_Informatica/Semestre_09/TFG/Gladiators_Pride/UnrealEngine_5_1_0/Content/Physics/Gladiator_PhysicsAsset.uasset" 744
"D:/UOC-Grado_Ingenieria_Informatica/Semestre_09/TFG/Gladiators_Pride/UnrealEngine_5_1_0/Content/Physics/Gladiator_PhysicsAsset.uexp" 745
"D:/UOC-Grado_Ingenieria_Informatica/Semestre_09/TFG/Gladiators_Pride/UnrealEngine_5_1_0/Content/Meshes/Gladiator_Mesh.uasset" 746
"D:/UOC-Grado_Ingenieria_Informatica/Semestre_09/TFG/Gladiators_Pride/UnrealEngine_5_1_0/Content/Meshes/Gladiator_Mesh.uexp" 747
"D:/UOC-Grado_Ingenieria_Informatica/Semestre_09/TFG/Gladiators_Pride/UnrealEngine_5_1_0/Content/Inputs/Input_Block.uasset" 748
"D:/UOC-Grado_Ingenieria_Informatica/Semestre_09/TFG/Gladiators_Pride/UnrealEngine_5_1_0/Content/Inputs/Input_Block.uexp" 749
"D:/UOC-Grado_Ingenieria_Informatica/Semestre_09/TFG/Gladiators_Pride/UnrealEngine_5_1_0/Content/Inputs/Input_MoveRight.uasset" 750
"D:/UOC-Grado_Ingenieria_Informatica/Semestre_09/TFG/Gladiators_Pride/UnrealEngine_5_1_0/Content/Inputs/Input_MoveRight.uexp" 751
"D:/UOC-Grado_Ingenieria_Informatica/Semestre_09/TFG/Gladiators_Pride/UnrealEngine_5_1_0/Content/Inputs/Input_TargetEnemy.uasset" 752
"D:/UOC-Grado_Ingenieria_Informatica/Semestre_09/TFG/Gladiators_Pride/UnrealEngine_5_1_0/Content/Inputs/Input_TargetEnemy.uexp" 753
"D:/UOC-Grado_Ingenieria_Informatica/Semestre_09/TFG/Gladiators_Pride/UnrealEngine_5_1_0/Content/Inputs/Input_MoveForward.uasset" 754
"D:/UOC-Grado_Ingenieria_Informatica/Semestre_09/TFG/Gladiators_Pride/UnrealEngine_5_1_0/Content/Inputs/Input_MoveForward.uexp" 755
"D:/UOC-Grado_Ingenieria_Informatica/Semestre_09/TFG/Gladiators_Pride/UnrealEngine_5_1_0/Content/Inputs/Input_UseHability.uasset" 756
"D:/UOC-Grado_Ingenieria_Informatica/Semestre_09/TFG/Gladiators_Pride/UnrealEngine_5_1_0/Content/Inputs/Input_UseHability.uexp" 757
"D:/UOC-Grado_Ingenieria_Informatica/Semestre_09/TFG/Gladiators_Pride/UnrealEngine_5_1_0/Content/Inputs/Input_RotateCameraX.uasset" 758
"D:/UOC-Grado_Ingenieria_Informatica/Semestre_09/TFG/Gladiators_Pride/UnrealEngine_5_1_0/Content/Inputs/Input_RotateCameraX.uexp" 759
"D:/UOC-Grado_Ingenieria_Informatica/Semestre_09/TFG/Gladiators_Pride/UnrealEngine_5_1_0/Content/Inputs/Input_PauseGame.uasset" 760
"D:/UOC-Grado_Ingenieria_Informatica/Semestre_09/TFG/Gladiators_Pride/UnrealEngine_5_1_0/Content/Inputs/Input_PauseGame.uexp" 761
"D:/UOC-Grado_Ingenieria_Informatica/Semestre_09/TFG/Gladiators_Pride/UnrealEngine_5_1_0/Content/Inputs/Input_RotateCameraY.uasset" 762
"D:/UOC-Grado_Ingenieria_Informatica/Semestre_09/TFG/Gladiators_Pride/UnrealEngine_5_1_0/Content/Inputs/Input_RotateCameraY.uexp" 763
"D:/UOC-Grado_Ingenieria_Informatica/Semestre_09/TFG/Gladiators_Pride/UnrealEngine_5_1_0/Content/Inputs/Context_Block.uasset" 764
"D:/UOC-Grado_Ingenieria_Informatica/Semestre_09/TFG/Gladiators_Pride/UnrealEngine_5_1_0/Content/Inputs/Context_Block.uexp" 765
"../../../Engine/Content/Animation/DefaultAnimCurveCompressionSettings.uasset" 766
"../../../Engine/Content/Animation/DefaultAnimCurveCompressionSettings.uexp" 767
"../../../Engine/Content/Animation/DefaultAnimBoneCompressionSettings.uasset" 768
"../../../Engine/Content/Animation/DefaultAnimBoneCompressionSettings.uexp" 769
"D:/UOC-Grado_Ingenieria_Informatica/Semestre_09/TFG/Gladiators_Pride/UnrealEngine_5_1_0/Content/Animations/Gladiator_Idle.uasset" 770
"D:/UOC-Grado_Ingenieria_Informatica/Semestre_09/TFG/Gladiators_Pride/UnrealEngine_5_1_0/Content/Animations/Gladiator_Idle.uexp" 771
"D:/UOC-Grado_Ingenieria_Informatica/Semestre_09/TFG/Gladiators_Pride/UnrealEngine_5_1_0/Content/Animations/Gladiator_WalkRightWithTarget.uasset" 772
"D:/UOC-Grado_Ingenieria_Informatica/Semestre_09/TFG/Gladiators_Pride/UnrealEngine_5_1_0/Content/Animations/Gladiator_WalkRightWithTarget.uexp" 773
"D:/UOC-Grado_Ingenieria_Informatica/Semestre_09/TFG/Gladiators_Pride/UnrealEngine_5_1_0/Content/Animations/Gladiator_WalkForwardWithTarget.uasset" 774
"D:/UOC-Grado_Ingenieria_Informatica/Semestre_09/TFG/Gladiators_Pride/UnrealEngine_5_1_0/Content/Animations/Gladiator_WalkForwardWithTarget.uexp" 775
"D:/UOC-Grado_Ingenieria_Informatica/Semestre_09/TFG/Gladiators_Pride/UnrealEngine_5_1_0/Content/Animations/Gladiator_WalkBackwardWithTarget.uasset" 776
"D:/UOC-Grado_Ingenieria_Informatica/Semestre_09/TFG/Gladiators_Pride/UnrealEngine_5_1_0/Content/Animations/Gladiator_WalkBackwardWithTarget.uexp" 777
"D:/UOC-Grado_Ingenieria_Informatica/Semestre_09/TFG/Gladiators_Pride/UnrealEngine_5_1_0/Content/Animations/Gladiator_Walk.uasset" 778
"D:/UOC-Grado_Ingenieria_Informatica/Semestre_09/TFG/Gladiators_Pride/UnrealEngine_5_1_0/Content/Animations/Gladiator_Walk.uexp" 779
"D:/UOC-Grado_Ingenieria_Informatica/Semestre_09/TFG/Gladiators_Pride/UnrealEngine_5_1_0/Content/Animations/Gladiator_IdleWithTarget.uasset" 780
"D:/UOC-Grado_Ingenieria_Informatica/Semestre_09/TFG/Gladiators_Pride/UnrealEngine_5_1_0/Content/Animations/Gladiator_IdleWithTarget.uexp" 781
"D:/UOC-Grado_Ingenieria_Informatica/Semestre_09/TFG/Gladiators_Pride/UnrealEngine_5_1_0/Content/Animations/Gladiator_WalkLeftWithTarget.uasset" 782
"D:/UOC-Grado_Ingenieria_Informatica/Semestre_09/TFG/Gladiators_Pride/UnrealEngine_5_1_0/Content/Animations/Gladiator_WalkLeftWithTarget.uexp" 783
"D:/UOC-Grado_Ingenieria_Informatica/Semestre_09/TFG/Gladiators_Pride/UnrealEngine_5_1_0/Content/Blueprints/Gladiator_ABP.uasset" 784
"D:/UOC-Grado_Ingenieria_Informatica/Semestre_09/TFG/Gladiators_Pride/UnrealEngine_5_1_0/Content/Blueprints/Gladiator_ABP.uexp" 785
"D:/UOC-Grado_Ingenieria_Informatica/Semestre_09/TFG/Gladiators_Pride/UnrealEngine_5_1_0/Content/Inputs/Input_Attack.uasset" 786
"D:/UOC-Grado_Ingenieria_Informatica/Semestre_09/TFG/Gladiators_Pride/UnrealEngine_5_1_0/Content/Inputs/Input_Attack.uexp" 787
"D:/UOC-Grado_Ingenieria_Informatica/Semestre_09/TFG/Gladiators_Pride/UnrealEngine_5_1_0/Content/Animations/Montage_Dodge_TEST.uasset" 788
"D:/UOC-Grado_Ingenieria_Informatica/Semestre_09/TFG/Gladiators_Pride/UnrealEngine_5_1_0/Content/Animations/Montage_Dodge_TEST.uexp" 789
"D:/UOC-Grado_Ingenieria_Informatica/Semestre_09/TFG/Gladiators_Pride/UnrealEngine_5_1_0/Content/Inputs/Input_OpenInventory.uasset" 790
"D:/UOC-Grado_Ingenieria_Informatica/Semestre_09/TFG/Gladiators_Pride/UnrealEngine_5_1_0/Content/Inputs/Input_OpenInventory.uexp" 791
"D:/UOC-Grado_Ingenieria_Informatica/Semestre_09/TFG/Gladiators_Pride/UnrealEngine_5_1_0/Content/Inputs/Context_Inventory.uasset" 792
"D:/UOC-Grado_Ingenieria_Informatica/Semestre_09/TFG/Gladiators_Pride/UnrealEngine_5_1_0/Content/Inputs/Context_Inventory.uexp" 793
"../../../Engine/Content/EditorBlueprintResources/StandardMacros.uasset" 794
"../../../Engine/Content/EditorBlueprintResources/StandardMacros.uexp" 795
"D:/UOC-Grado_Ingenieria_Informatica/Semestre_09/TFG/Gladiators_Pride/UnrealEngine_5_1_0/Content/Blueprints/Inventory_Component.uasset" 796
"D:/UOC-Grado_Ingenieria_Informatica/Semestre_09/TFG/Gladiators_Pride/UnrealEngine_5_1_0/Content/Blueprints/Inventory_Component.uexp" 797
"D:/UOC-Grado_Ingenieria_Informatica/Semestre_09/TFG/Gladiators_Pride/UnrealEngine_5_1_0/Content/Blueprints/InventoryDragDrop_BP.uasset" 798
"D:/UOC-Grado_Ingenieria_Informatica/Semestre_09/TFG/Gladiators_Pride/UnrealEngine_5_1_0/Content/Blueprints/InventoryDragDrop_BP.uexp" 799
"D:/UOC-Grado_Ingenieria_Informatica/Semestre_09/TFG/Gladiators_Pride/UnrealEngine_5_1_0/Content/Textures/Sand/Sand_COLOR.ubulk" 800
"D:/UOC-Grado_Ingenieria_Informatica/Semestre_09/TFG/Gladiators_Pride/UnrealEngine_5_1_0/Content/Textures/Sand/Sand_COLOR.uasset" 801
"D:/UOC-Grado_Ingenieria_Informatica/Semestre_09/TFG/Gladiators_Pride/UnrealEngine_5_1_0/Content/Textures/Sand/Sand_COLOR.uexp" 802
"D:/UOC-Grado_Ingenieria_Informatica/Semestre_09/TFG/Gladiators_Pride/UnrealEngine_5_1_0/Content/Widgets/InventorySlot.uasset" 803
"D:/UOC-Grado_Ingenieria_Informatica/Semestre_09/TFG/Gladiators_Pride/UnrealEngine_5_1_0/Content/Widgets/InventorySlot.uexp" 804
"D:/UOC-Grado_Ingenieria_Informatica/Semestre_09/TFG/Gladiators_Pride/UnrealEngine_5_1_0/Content/Widgets/Inventory.uasset" 805
"D:/UOC-Grado_Ingenieria_Informatica/Semestre_09/TFG/Gladiators_Pride/UnrealEngine_5_1_0/Content/Widgets/Inventory.uexp" 806
"D:/UOC-Grado_Ingenieria_Informatica/Semestre_09/TFG/Gladiators_Pride/UnrealEngine_5_1_0/Content/Inputs/Context_Jump.uasset" 807
"D:/UOC-Grado_Ingenieria_Informatica/Semestre_09/TFG/Gladiators_Pride/UnrealEngine_5_1_0/Content/Inputs/Context_Jump.uexp" 808
"D:/UOC-Grado_Ingenieria_Informatica/Semestre_09/TFG/Gladiators_Pride/UnrealEngine_5_1_0/Content/Inputs/Input_Jump.uasset" 809
"D:/UOC-Grado_Ingenieria_Informatica/Semestre_09/TFG/Gladiators_Pride/UnrealEngine_5_1_0/Content/Inputs/Input_Jump.uexp" 810
"D:/UOC-Grado_Ingenieria_Informatica/Semestre_09/TFG/Gladiators_Pride/UnrealEngine_5_1_0/Content/Inputs/Input_Dodge.uasset" 811
"D:/UOC-Grado_Ingenieria_Informatica/Semestre_09/TFG/Gladiators_Pride/UnrealEngine_5_1_0/Content/Inputs/Input_Dodge.uexp" 812
"D:/UOC-Grado_Ingenieria_Informatica/Semestre_09/TFG/Gladiators_Pride/UnrealEngine_5_1_0/Content/Inputs/Context_Arena.uasset" 813
"D:/UOC-Grado_Ingenieria_Informatica/Semestre_09/TFG/Gladiators_Pride/UnrealEngine_5_1_0/Content/Inputs/Context_Arena.uexp" 814
"D:/UOC-Grado_Ingenieria_Informatica/Semestre_09/TFG/Gladiators_Pride/UnrealEngine_5_1_0/Content/Inputs/Context_Skill.uasset" 815
"D:/UOC-Grado_Ingenieria_Informatica/Semestre_09/TFG/Gladiators_Pride/UnrealEngine_5_1_0/Content/Inputs/Context_Skill.uexp" 816
"D:/UOC-Grado_Ingenieria_Informatica/Semestre_09/TFG/Gladiators_Pride/UnrealEngine_5_1_0/Content/Inputs/Context_Dodge.uasset" 817
"D:/UOC-Grado_Ingenieria_Informatica/Semestre_09/TFG/Gladiators_Pride/UnrealEngine_5_1_0/Content/Inputs/Context_Dodge.uexp" 818
"D:/UOC-Grado_Ingenieria_Informatica/Semestre_09/TFG/Gladiators_Pride/UnrealEngine_5_1_0/Content/Widgets/PauseMenu.uasset" 819
"D:/UOC-Grado_Ingenieria_Informatica/Semestre_09/TFG/Gladiators_Pride/UnrealEngine_5_1_0/Content/Widgets/PauseMenu.uexp" 820
"D:/UOC-Grado_Ingenieria_Informatica/Semestre_09/TFG/Gladiators_Pride/UnrealEngine_5_1_0/Content/Blueprints/Gladiator_BP.uasset" 821
"D:/UOC-Grado_Ingenieria_Informatica/Semestre_09/TFG/Gladiators_Pride/UnrealEngine_5_1_0/Content/Blueprints/Gladiator_BP.uexp" 822
"D:/UOC-Grado_Ingenieria_Informatica/Semestre_09/TFG/Gladiators_Pride/UnrealEngine_5_1_0/Content/Blueprints/GladiatorController_BP.uasset" 823
"D:/UOC-Grado_Ingenieria_Informatica/Semestre_09/TFG/Gladiators_Pride/UnrealEngine_5_1_0/Content/Blueprints/GladiatorController_BP.uexp" 824
"D:/UOC-Grado_Ingenieria_Informatica/Semestre_09/TFG/Gladiators_Pride/UnrealEngine_5_1_0/Content/Blueprints/GladiatorsPride_GameModeBase_BP.uasset" 825
"D:/UOC-Grado_Ingenieria_Informatica/Semestre_09/TFG/Gladiators_Pride/UnrealEngine_5_1_0/Content/Blueprints/GladiatorsPride_GameModeBase_BP.uexp" 826
"../../../Engine/Content/BasicShapes/Cube.ubulk" 827
"../../../Engine/Content/BasicShapes/Cube.uasset" 828
"../../../Engine/Content/BasicShapes/Cube.uexp" 829
"../../../Engine/Content/EngineMaterials/DefaultMaterial.uasset" 830
"../../../Engine/Content/EngineMaterials/DefaultMaterial.uexp" 831
"../../../Engine/Content/BasicShapes/Cone.ubulk" 832
"../../../Engine/Content/BasicShapes/Cone.uasset" 833
"../../../Engine/Content/BasicShapes/Cone.uexp" 834
"D:/UOC-Grado_Ingenieria_Informatica/Semestre_09/TFG/Gladiators_Pride/UnrealEngine_5_1_0/Content/Widgets/EnemyHealthBar.uasset" 835
"D:/UOC-Grado_Ingenieria_Informatica/Semestre_09/TFG/Gladiators_Pride/UnrealEngine_5_1_0/Content/Widgets/EnemyHealthBar.uexp" 836
"D:/UOC-Grado_Ingenieria_Informatica/Semestre_09/TFG/Gladiators_Pride/UnrealEngine_5_1_0/Content/AI/ArenaChampion/BTT_ChasePlayer.uasset" 837
"D:/UOC-Grado_Ingenieria_Informatica/Semestre_09/TFG/Gladiators_Pride/UnrealEngine_5_1_0/Content/AI/ArenaChampion/BTT_ChasePlayer.uexp" 838
"D:/UOC-Grado_Ingenieria_Informatica/Semestre_09/TFG/Gladiators_Pride/UnrealEngine_5_1_0/Content/AI/ArenaChampion/BB_ArenaChampion.uasset" 839
"D:/UOC-Grado_Ingenieria_Informatica/Semestre_09/TFG/Gladiators_Pride/UnrealEngine_5_1_0/Content/AI/ArenaChampion/BB_ArenaChampion.uexp" 840
"D:/UOC-Grado_Ingenieria_Informatica/Semestre_09/TFG/Gladiators_Pride/UnrealEngine_5_1_0/Content/AI/ArenaChampion/BTT_SetPlayerAsTarget.uasset" 841
"D:/UOC-Grado_Ingenieria_Informatica/Semestre_09/TFG/Gladiators_Pride/UnrealEngine_5_1_0/Content/AI/ArenaChampion/BTT_SetPlayerAsTarget.uexp" 842
"D:/UOC-Grado_Ingenieria_Informatica/Semestre_09/TFG/Gladiators_Pride/UnrealEngine_5_1_0/Content/AI/ArenaChampion/BT_ArenaChampion.uasset" 843
"D:/UOC-Grado_Ingenieria_Informatica/Semestre_09/TFG/Gladiators_Pride/UnrealEngine_5_1_0/Content/AI/ArenaChampion/BT_ArenaChampion.uexp" 844
"D:/UOC-Grado_Ingenieria_Informatica/Semestre_09/TFG/Gladiators_Pride/UnrealEngine_5_1_0/Content/AI/ArenaChampion/ArenaChampionController_BP.uasset" 845
"D:/UOC-Grado_Ingenieria_Informatica/Semestre_09/TFG/Gladiators_Pride/UnrealEngine_5_1_0/Content/AI/ArenaChampion/ArenaChampionController_BP.uexp" 846
"D:/UOC-Grado_Ingenieria_Informatica/Semestre_09/TFG/Gladiators_Pride/UnrealEngine_5_1_0/Content/Blueprints/Minotaur_BP.uasset" 847
"D:/UOC-Grado_Ingenieria_Informatica/Semestre_09/TFG/Gladiators_Pride/UnrealEngine_5_1_0/Content/Blueprints/Minotaur_BP.uexp" 848
"D:/UOC-Grado_Ingenieria_Informatica/Semestre_09/TFG/Gladiators_Pride/UnrealEngine_5_1_0/Content/Sounds/SFX_Music.uasset" 849
"D:/UOC-Grado_Ingenieria_Informatica/Semestre_09/TFG/Gladiators_Pride/UnrealEngine_5_1_0/Content/Sounds/SFX_Music.uexp" 850
"D:/UOC-Grado_Ingenieria_Informatica/Semestre_09/TFG/Gladiators_Pride/UnrealEngine_5_1_0/Content/Sounds/SFX_Effects.uasset" 851
"D:/UOC-Grado_Ingenieria_Informatica/Semestre_09/TFG/Gladiators_Pride/UnrealEngine_5_1_0/Content/Sounds/SFX_Effects.uexp" 852
"../../../Engine/Content/BasicShapes/Cylinder.ubulk" 853
"../../../Engine/Content/BasicShapes/Cylinder.uasset" 854
"../../../Engine/Content/BasicShapes/Cylinder.uexp" 855
"D:/UOC-Grado_Ingenieria_Informatica/Semestre_09/TFG/Gladiators_Pride/UnrealEngine_5_1_0/Content/Animations/Gladiator_AxeAttackAction.uasset" 856
"D:/UOC-Grado_Ingenieria_Informatica/Semestre_09/TFG/Gladiators_Pride/UnrealEngine_5_1_0/Content/Animations/Gladiator_AxeAttackAction.uexp" 857
"D:/UOC-Grado_Ingenieria_Informatica/Semestre_09/TFG/Gladiators_Pride/UnrealEngine_5_1_0/Content/Animations/Gladiator_AxeAttackPreparation.uasset" 858
"D:/UOC-Grado_Ingenieria_Informatica/Semestre_09/TFG/Gladiators_Pride/UnrealEngine_5_1_0/Content/Animations/Gladiator_AxeAttackPreparation.uexp" 859
"D:/UOC-Grado_Ingenieria_Informatica/Semestre_09/TFG/Gladiators_Pride/UnrealEngine_5_1_0/Content/Images/Gladiator_Axe_InventoryImage.uasset" 860
"D:/UOC-Grado_Ingenieria_Informatica/Semestre_09/TFG/Gladiators_Pride/UnrealEngine_5_1_0/Content/Images/Gladiator_Axe_InventoryImage.uexp" 861
"../../../Engine/Content/BasicShapes/BasicShapeMaterial.uasset" 862
"../../../Engine/Content/BasicShapes/BasicShapeMaterial.uexp" 863
"D:/UOC-Grado_Ingenieria_Informatica/Semestre_09/TFG/Gladiators_Pride/UnrealEngine_5_1_0/Content/Blueprints/Weapon_BP.uasset" 864
"D:/UOC-Grado_Ingenieria_Informatica/Semestre_09/TFG/Gladiators_Pride/UnrealEngine_5_1_0/Content/Blueprints/Weapon_BP.uexp" 865
"D:/UOC-Grado_Ingenieria_Informatica/Semestre_09/TFG/Gladiators_Pride/UnrealEngine_5_1_0/Content/Blueprints/Gladiator_Axe_BP.uasset" 866
"D:/UOC-Grado_Ingenieria_Informatica/Semestre_09/TFG/Gladiators_Pride/UnrealEngine_5_1_0/Content/Blueprints/Gladiator_Axe_BP.uexp" 867
"D:/UOC-Grado_Ingenieria_Informatica/Semestre_09/TFG/Gladiators_Pride/UnrealEngine_5_1_0/Content/Sounds/SFX_Mixer.uasset" 868
"D:/UOC-Grado_Ingenieria_Informatica/Semestre_09/TFG/Gladiators_Pride/UnrealEngine_5_1_0/Content/Sounds/SFX_Mixer.uexp" 869
"D:/UOC-Grado_Ingenieria_Informatica/Semestre_09/TFG/Gladiators_Pride/UnrealEngine_5_1_0/Content/Blueprints/SavedSettings_BP.uasset" 870
"D:/UOC-Grado_Ingenieria_Informatica/Semestre_09/TFG/Gladiators_Pride/UnrealEngine_5_1_0/Content/Blueprints/SavedSettings_BP.uexp" 871
"../../../Engine/Content/EngineSky/T_Sky_Stars.ubulk" 872
"../../../Engine/Content/EngineSky/T_Sky_Stars.uasset" 873
"../../../Engine/Content/EngineSky/T_Sky_Stars.uexp" 874
"../../../Engine/Content/EngineSky/T_Sky_Clouds_M.ubulk" 875
"../../../Engine/Content/EngineSky/T_Sky_Clouds_M.uasset" 876
"../../../Engine/Content/EngineSky/T_Sky_Clouds_M.uexp" 877
"../../../Engine/Content/EngineSky/T_Sky_Blue.ubulk" 878
"../../../Engine/Content/EngineSky/T_Sky_Blue.uasset" 879
"../../../Engine/Content/EngineSky/T_Sky_Blue.uexp" 880
"../../../Engine/Content/EngineSky/M_Sky_Panning_Clouds2.uasset" 881
"../../../Engine/Content/EngineSky/M_Sky_Panning_Clouds2.uexp" 882
"../../../Engine/Content/EngineSky/SM_SkySphere.ubulk" 883
"../../../Engine/Content/EngineSky/SM_SkySphere.uasset" 884
"../../../Engine/Content/EngineSky/SM_SkySphere.uexp" 885
"D:/UOC-Grado_Ingenieria_Informatica/Semestre_09/TFG/Gladiators_Pride/UnrealEngine_5_1_0/Content/Images/ColoredSkillImage.uasset" 886
"D:/UOC-Grado_Ingenieria_Informatica/Semestre_09/TFG/Gladiators_Pride/UnrealEngine_5_1_0/Content/Images/ColoredSkillImage.uexp" 887
"D:/UOC-Grado_Ingenieria_Informatica/Semestre_09/TFG/Gladiators_Pride/UnrealEngine_5_1_0/Content/Images/DesaturedSkillImage.uasset" 888
"D:/UOC-Grado_Ingenieria_Informatica/Semestre_09/TFG/Gladiators_Pride/UnrealEngine_5_1_0/Content/Images/DesaturedSkillImage.uexp" 889
"D:/UOC-Grado_Ingenieria_Informatica/Semestre_09/TFG/Gladiators_Pride/UnrealEngine_5_1_0/Content/Widgets/GladiatorStatus.uasset" 890
"D:/UOC-Grado_Ingenieria_Informatica/Semestre_09/TFG/Gladiators_Pride/UnrealEngine_5_1_0/Content/Widgets/GladiatorStatus.uexp" 891
"D:/UOC-Grado_Ingenieria_Informatica/Semestre_09/TFG/Gladiators_Pride/UnrealEngine_5_1_0/Content/Animations/Gladiator_SwordAttackAction.uasset" 892
"D:/UOC-Grado_Ingenieria_Informatica/Semestre_09/TFG/Gladiators_Pride/UnrealEngine_5_1_0/Content/Animations/Gladiator_SwordAttackAction.uexp" 893
"D:/UOC-Grado_Ingenieria_Informatica/Semestre_09/TFG/Gladiators_Pride/UnrealEngine_5_1_0/Content/Animations/Gladiator_SwordAttackPreparation.uasset" 894
"D:/UOC-Grado_Ingenieria_Informatica/Semestre_09/TFG/Gladiators_Pride/UnrealEngine_5_1_0/Content/Animations/Gladiator_SwordAttackPreparation.uexp" 895
"D:/UOC-Grado_Ingenieria_Informatica/Semestre_09/TFG/Gladiators_Pride/UnrealEngine_5_1_0/Content/Materials/Gladiator_Sword.uasset" 896
"D:/UOC-Grado_Ingenieria_Informatica/Semestre_09/TFG/Gladiators_Pride/UnrealEngine_5_1_0/Content/Materials/Gladiator_Sword.uexp" 897
"D:/UOC-Grado_Ingenieria_Informatica/Semestre_09/TFG/Gladiators_Pride/UnrealEngine_5_1_0/Content/Meshes/Gladiator_Sword_Mesh.ubulk" 898
"D:/UOC-Grado_Ingenieria_Informatica/Semestre_09/TFG/Gladiators_Pride/UnrealEngine_5_1_0/Content/Meshes/Gladiator_Sword_Mesh.uasset" 899
"D:/UOC-Grado_Ingenieria_Informatica/Semestre_09/TFG/Gladiators_Pride/UnrealEngine_5_1_0/Content/Meshes/Gladiator_Sword_Mesh.uexp" 900
"D:/UOC-Grado_Ingenieria_Informatica/Semestre_09/TFG/Gladiators_Pride/UnrealEngine_5_1_0/Content/Images/Gladiator_Sword_InventoryImage.uasset" 901
"D:/UOC-Grado_Ingenieria_Informatica/Semestre_09/TFG/Gladiators_Pride/UnrealEngine_5_1_0/Content/Images/Gladiator_Sword_InventoryImage.uexp" 902
"D:/UOC-Grado_Ingenieria_Informatica/Semestre_09/TFG/Gladiators_Pride/UnrealEngine_5_1_0/Content/Blueprints/Gladiator_Sword_BP.uasset" 903
"D:/UOC-Grado_Ingenieria_Informatica/Semestre_09/TFG/Gladiators_Pride/UnrealEngine_5_1_0/Content/Blueprints/Gladiator_Sword_BP.uexp" 904
"D:/UOC-Grado_Ingenieria_Informatica/Semestre_09/TFG/Gladiators_Pride/UnrealEngine_5_1_0/Content/EnemyWeapon.uasset" 905
"D:/UOC-Grado_Ingenieria_Informatica/Semestre_09/TFG/Gladiators_Pride/UnrealEngine_5_1_0/Content/EnemyWeapon.uexp" 906
"D:/UOC-Grado_Ingenieria_Informatica/Semestre_09/TFG/Gladiators_Pride/UnrealEngine_5_1_0/Content/Sounds/BGMusic_TEST.ubulk" 907
"D:/UOC-Grado_Ingenieria_Informatica/Semestre_09/TFG/Gladiators_Pride/UnrealEngine_5_1_0/Content/Sounds/BGMusic_TEST.uasset" 908
"D:/UOC-Grado_Ingenieria_Informatica/Semestre_09/TFG/Gladiators_Pride/UnrealEngine_5_1_0/Content/Sounds/BGMusic_TEST.uexp" 909
"D:/UOC-Grado_Ingenieria_Informatica/Semestre_09/TFG/Gladiators_Pride/UnrealEngine_5_1_0/Content/Textures/Sand/Sand_NORMAL.ubulk" 910
"D:/UOC-Grado_Ingenieria_Informatica/Semestre_09/TFG/Gladiators_Pride/UnrealEngine_5_1_0/Content/Textures/Sand/Sand_NORMAL.uasset" 911
"D:/UOC-Grado_Ingenieria_Informatica/Semestre_09/TFG/Gladiators_Pride/UnrealEngine_5_1_0/Content/Textures/Sand/Sand_NORMAL.uexp" 912
"D:/UOC-Grado_Ingenieria_Informatica/Semestre_09/TFG/Gladiators_Pride/UnrealEngine_5_1_0/Content/Materials/Floor_Sand.uasset" 913
"D:/UOC-Grado_Ingenieria_Informatica/Semestre_09/TFG/Gladiators_Pride/UnrealEngine_5_1_0/Content/Materials/Floor_Sand.uexp" 914
"D:/UOC-Grado_Ingenieria_Informatica/Semestre_09/TFG/Gladiators_Pride/UnrealEngine_5_1_0/Content/Images/Gladiator_Mace_InventoryImage.uasset" 915
"D:/UOC-Grado_Ingenieria_Informatica/Semestre_09/TFG/Gladiators_Pride/UnrealEngine_5_1_0/Content/Images/Gladiator_Mace_InventoryImage.uexp" 916
"D:/UOC-Grado_Ingenieria_Informatica/Semestre_09/TFG/Gladiators_Pride/UnrealEngine_5_1_0/Content/InvantoryTESTItem.uasset" 917
"D:/UOC-Grado_Ingenieria_Informatica/Semestre_09/TFG/Gladiators_Pride/UnrealEngine_5_1_0/Content/InvantoryTESTItem.uexp" 918
"../../../Engine/Content/BasicShapes/Sphere.ubulk" 919
"../../../Engine/Content/BasicShapes/Sphere.uasset" 920
"../../../Engine/Content/BasicShapes/Sphere.uexp" 921
"D:/UOC-Grado_Ingenieria_Informatica/Semestre_09/TFG/Gladiators_Pride/UnrealEngine_5_1_0/Content/Animations/Gladiator_MaceAttackPreparation.uasset" 922
"D:/UOC-Grado_Ingenieria_Informatica/Semestre_09/TFG/Gladiators_Pride/UnrealEngine_5_1_0/Content/Animations/Gladiator_MaceAttackPreparation.uexp" 923
"D:/UOC-Grado_Ingenieria_Informatica/Semestre_09/TFG/Gladiators_Pride/UnrealEngine_5_1_0/Content/Animations/Gladiator_MaceAttackAction.uasset" 924
"D:/UOC-Grado_Ingenieria_Informatica/Semestre_09/TFG/Gladiators_Pride/UnrealEngine_5_1_0/Content/Animations/Gladiator_MaceAttackAction.uexp" 925
"D:/UOC-Grado_Ingenieria_Informatica/Semestre_09/TFG/Gladiators_Pride/UnrealEngine_5_1_0/Content/Blueprints/Gladiator_Mace_BP.uasset" 926
"D:/UOC-Grado_Ingenieria_Informatica/Semestre_09/TFG/Gladiators_Pride/UnrealEngine_5_1_0/Content/Blueprints/Gladiator_Mace_BP.uexp" 927
"../../../Engine/Content/EngineSky/M_SimpleSkyDome.uasset" 928
"../../../Engine/Content/EngineSky/M_SimpleSkyDome.uexp" 929
"D:/UOC-Grado_Ingenieria_Informatica/Semestre_09/TFG/Gladiators_Pride/UnrealEngine_5_1_0/Content/Levels/Arena_Level.uexp" 930
"D:/UOC-Grado_Ingenieria_Informatica/Semestre_09/TFG/Gladiators_Pride/UnrealEngine_5_1_0/Content/Levels/Arena_Level.umap" 931
"D:/UOC-Grado_Ingenieria_Informatica/Semestre_09/TFG/Gladiators_Pride/UnrealEngine_5_1_0/Content/Widgets/ControlsOptionsMenu.uasset" 932
"D:/UOC-Grado_Ingenieria_Informatica/Semestre_09/TFG/Gladiators_Pride/UnrealEngine_5_1_0/Content/Widgets/ControlsOptionsMenu.uexp" 933
"D:/UOC-Grado_Ingenieria_Informatica/Semestre_09/TFG/Gladiators_Pride/UnrealEngine_5_1_0/Content/Sounds/EfectSound_TEST.ubulk" 934
"D:/UOC-Grado_Ingenieria_Informatica/Semestre_09/TFG/Gladiators_Pride/UnrealEngine_5_1_0/Content/Sounds/EfectSound_TEST.uasset" 935
"D:/UOC-Grado_Ingenieria_Informatica/Semestre_09/TFG/Gladiators_Pride/UnrealEngine_5_1_0/Content/Sounds/EfectSound_TEST.uexp" 936
"D:/UOC-Grado_Ingenieria_Informatica/Semestre_09/TFG/Gladiators_Pride/UnrealEngine_5_1_0/Content/Sounds/BGMusic4Settings_TEST.ubulk" 937
"D:/UOC-Grado_Ingenieria_Informatica/Semestre_09/TFG/Gladiators_Pride/UnrealEngine_5_1_0/Content/Sounds/BGMusic4Settings_TEST.uasset" 938
"D:/UOC-Grado_Ingenieria_Informatica/Semestre_09/TFG/Gladiators_Pride/UnrealEngine_5_1_0/Content/Sounds/BGMusic4Settings_TEST.uexp" 939
"D:/UOC-Grado_Ingenieria_Informatica/Semestre_09/TFG/Gladiators_Pride/UnrealEngine_5_1_0/Content/Widgets/SoundOptionsMenu.uasset" 940
"D:/UOC-Grado_Ingenieria_Informatica/Semestre_09/TFG/Gladiators_Pride/UnrealEngine_5_1_0/Content/Widgets/SoundOptionsMenu.uexp" 941
"D:/UOC-Grado_Ingenieria_Informatica/Semestre_09/TFG/Gladiators_Pride/UnrealEngine_5_1_0/Content/Widgets/VideoOptionsMenu.uasset" 942
"D:/UOC-Grado_Ingenieria_Informatica/Semestre_09/TFG/Gladiators_Pride/UnrealEngine_5_1_0/Content/Widgets/VideoOptionsMenu.uexp" 943
"D:/UOC-Grado_Ingenieria_Informatica/Semestre_09/TFG/Gladiators_Pride/UnrealEngine_5_1_0/Content/Widgets/OptionsMenu.uasset" 944
"D:/UOC-Grado_Ingenieria_Informatica/Semestre_09/TFG/Gladiators_Pride/UnrealEngine_5_1_0/Content/Widgets/OptionsMenu.uexp" 945
"D:/UOC-Grado_Ingenieria_Informatica/Semestre_09/TFG/Gladiators_Pride/UnrealEngine_5_1_0/Content/Widgets/MainMenu.uasset" 946
"D:/UOC-Grado_Ingenieria_Informatica/Semestre_09/TFG/Gladiators_Pride/UnrealEngine_5_1_0/Content/Widgets/MainMenu.uexp" 947
"D:/UOC-Grado_Ingenieria_Informatica/Semestre_09/TFG/Gladiators_Pride/UnrealEngine_5_1_0/Content/Levels/MainMenu_Level.uexp" 948
"D:/UOC-Grado_Ingenieria_Informatica/Semestre_09/TFG/Gladiators_Pride/UnrealEngine_5_1_0/Content/Levels/MainMenu_Level.umap" 949
"../../../Engine/Content/Maps/Entry_BuiltData.uasset" 950
"../../../Engine/Content/Maps/Entry_BuiltData.uexp" 951
"../../../Engine/Content/Maps/Entry.uexp" 952
"../../../Engine/Content/Maps/Entry.umap" 953
